{"C:\\Users\\darsh\\Desktop\\CFP -NodeJs\\FundooNotes\\FundooApp\\src\\index.js":{"path":"C:\\Users\\darsh\\Desktop\\CFP -NodeJs\\FundooNotes\\FundooApp\\src\\index.js","statementMap":{"0":{"start":{"line":3,"column":29},"end":{"line":3,"column":84}},"1":{"start":{"line":4,"column":14},"end":{"line":4,"column":54}},"2":{"start":{"line":5,"column":0},"end":{"line":7,"column":3}},"3":{"start":{"line":8,"column":0},"end":{"line":8,"column":28}},"4":{"start":{"line":9,"column":14},"end":{"line":9,"column":55}},"5":{"start":{"line":10,"column":15},"end":{"line":10,"column":57}},"6":{"start":{"line":11,"column":12},"end":{"line":11,"column":51}},"7":{"start":{"line":12,"column":14},"end":{"line":12,"column":55}},"8":{"start":{"line":13,"column":14},"end":{"line":13,"column":57}},"9":{"start":{"line":14,"column":16},"end":{"line":14,"column":68}},"10":{"start":{"line":15,"column":13},"end":{"line":15,"column":54}},"11":{"start":{"line":16,"column":14},"end":{"line":16,"column":65}},"12":{"start":{"line":17,"column":14},"end":{"line":17,"column":55}},"13":{"start":{"line":18,"column":49},"end":{"line":18,"column":96}},"14":{"start":{"line":18,"column":84},"end":{"line":18,"column":96}},"15":{"start":{"line":18,"column":121},"end":{"line":18,"column":134}},"16":{"start":{"line":18,"column":159},"end":{"line":18,"column":172}},"17":{"start":{"line":18,"column":174},"end":{"line":18,"column":333}},"18":{"start":{"line":18,"column":258},"end":{"line":18,"column":316}},"19":{"start":{"line":19,"column":53},"end":{"line":19,"column":111}},"20":{"start":{"line":19,"column":98},"end":{"line":19,"column":109}},"21":{"start":{"line":19,"column":112},"end":{"line":19,"column":218}},"22":{"start":{"line":19,"column":190},"end":{"line":19,"column":216}},"23":{"start":{"line":19,"column":231},"end":{"line":19,"column":268}},"24":{"start":{"line":19,"column":270},"end":{"line":19,"column":325}},"25":{"start":{"line":19,"column":301},"end":{"line":19,"column":323}},"26":{"start":{"line":19,"column":339},"end":{"line":19,"column":341}},"27":{"start":{"line":19,"column":371},"end":{"line":19,"column":427}},"28":{"start":{"line":19,"column":429},"end":{"line":19,"column":730}},"29":{"start":{"line":19,"column":452},"end":{"line":19,"column":728}},"30":{"start":{"line":19,"column":538},"end":{"line":19,"column":610}},"31":{"start":{"line":19,"column":612},"end":{"line":19,"column":726}},"32":{"start":{"line":19,"column":650},"end":{"line":19,"column":691}},"33":{"start":{"line":19,"column":701},"end":{"line":19,"column":724}},"34":{"start":{"line":19,"column":731},"end":{"line":19,"column":755}},"35":{"start":{"line":19,"column":756},"end":{"line":19,"column":794}},"36":{"start":{"line":19,"column":769},"end":{"line":19,"column":792}},"37":{"start":{"line":19,"column":795},"end":{"line":19,"column":809}},"38":{"start":{"line":20,"column":0},"end":{"line":20,"column":28}},"39":{"start":{"line":21,"column":10},"end":{"line":21,"column":36}},"40":{"start":{"line":22,"column":11},"end":{"line":22,"column":31}},"41":{"start":{"line":23,"column":11},"end":{"line":23,"column":31}},"42":{"start":{"line":24,"column":18},"end":{"line":24,"column":41}},"43":{"start":{"line":25,"column":0},"end":{"line":25,"column":33}},"44":{"start":{"line":26,"column":0},"end":{"line":26,"column":35}},"45":{"start":{"line":27,"column":0},"end":{"line":29,"column":4}},"46":{"start":{"line":30,"column":0},"end":{"line":30,"column":36}},"47":{"start":{"line":31,"column":0},"end":{"line":33,"column":4}},"48":{"start":{"line":34,"column":0},"end":{"line":34,"column":28}},"49":{"start":{"line":35,"column":0},"end":{"line":35,"column":64}},"50":{"start":{"line":36,"column":0},"end":{"line":36,"column":32}},"51":{"start":{"line":37,"column":0},"end":{"line":37,"column":36}},"52":{"start":{"line":38,"column":0},"end":{"line":38,"column":25}},"53":{"start":{"line":39,"column":0},"end":{"line":41,"column":3}},"54":{"start":{"line":40,"column":2},"end":{"line":40,"column":113}},"55":{"start":{"line":42,"column":15},"end":{"line":42,"column":18}},"56":{"start":{"line":43,"column":0},"end":{"line":43,"column":30}}},"fnMap":{"0":{"name":"_getRequireWildcardCache","decl":{"start":{"line":18,"column":9},"end":{"line":18,"column":33}},"loc":{"start":{"line":18,"column":47},"end":{"line":18,"column":335}},"line":18},"1":{"name":"_getRequireWildcardCache","decl":{"start":{"line":18,"column":218},"end":{"line":18,"column":242}},"loc":{"start":{"line":18,"column":256},"end":{"line":18,"column":318}},"line":18},"2":{"name":"_interopRequireWildcard","decl":{"start":{"line":19,"column":9},"end":{"line":19,"column":32}},"loc":{"start":{"line":19,"column":51},"end":{"line":19,"column":811}},"line":19},"3":{"name":"(anonymous_3)","decl":{"start":{"line":39,"column":17},"end":{"line":39,"column":18}},"loc":{"start":{"line":39,"column":29},"end":{"line":41,"column":1}},"line":39}},"branchMap":{"0":{"loc":{"start":{"line":18,"column":49},"end":{"line":18,"column":96}},"type":"if","locations":[{"start":{"line":18,"column":49},"end":{"line":18,"column":96}},{"start":{"line":18,"column":49},"end":{"line":18,"column":96}}],"line":18},"1":{"loc":{"start":{"line":18,"column":265},"end":{"line":18,"column":315}},"type":"cond-expr","locations":[{"start":{"line":18,"column":279},"end":{"line":18,"column":295}},{"start":{"line":18,"column":298},"end":{"line":18,"column":315}}],"line":18},"2":{"loc":{"start":{"line":19,"column":53},"end":{"line":19,"column":111}},"type":"if","locations":[{"start":{"line":19,"column":53},"end":{"line":19,"column":111}},{"start":{"line":19,"column":53},"end":{"line":19,"column":111}}],"line":19},"3":{"loc":{"start":{"line":19,"column":57},"end":{"line":19,"column":94}},"type":"binary-expr","locations":[{"start":{"line":19,"column":57},"end":{"line":19,"column":69}},{"start":{"line":19,"column":73},"end":{"line":19,"column":76}},{"start":{"line":19,"column":80},"end":{"line":19,"column":94}}],"line":19},"4":{"loc":{"start":{"line":19,"column":112},"end":{"line":19,"column":218}},"type":"if","locations":[{"start":{"line":19,"column":112},"end":{"line":19,"column":218}},{"start":{"line":19,"column":112},"end":{"line":19,"column":218}}],"line":19},"5":{"loc":{"start":{"line":19,"column":116},"end":{"line":19,"column":186}},"type":"binary-expr","locations":[{"start":{"line":19,"column":116},"end":{"line":19,"column":128}},{"start":{"line":19,"column":132},"end":{"line":19,"column":157}},{"start":{"line":19,"column":161},"end":{"line":19,"column":186}}],"line":19},"6":{"loc":{"start":{"line":19,"column":270},"end":{"line":19,"column":325}},"type":"if","locations":[{"start":{"line":19,"column":270},"end":{"line":19,"column":325}},{"start":{"line":19,"column":270},"end":{"line":19,"column":325}}],"line":19},"7":{"loc":{"start":{"line":19,"column":274},"end":{"line":19,"column":297}},"type":"binary-expr","locations":[{"start":{"line":19,"column":274},"end":{"line":19,"column":279}},{"start":{"line":19,"column":283},"end":{"line":19,"column":297}}],"line":19},"8":{"loc":{"start":{"line":19,"column":371},"end":{"line":19,"column":427}},"type":"binary-expr","locations":[{"start":{"line":19,"column":371},"end":{"line":19,"column":392}},{"start":{"line":19,"column":396},"end":{"line":19,"column":427}}],"line":19},"9":{"loc":{"start":{"line":19,"column":452},"end":{"line":19,"column":728}},"type":"if","locations":[{"start":{"line":19,"column":452},"end":{"line":19,"column":728}},{"start":{"line":19,"column":452},"end":{"line":19,"column":728}}],"line":19},"10":{"loc":{"start":{"line":19,"column":456},"end":{"line":19,"column":523}},"type":"binary-expr","locations":[{"start":{"line":19,"column":456},"end":{"line":19,"column":473}},{"start":{"line":19,"column":477},"end":{"line":19,"column":523}}],"line":19},"11":{"loc":{"start":{"line":19,"column":538},"end":{"line":19,"column":610}},"type":"cond-expr","locations":[{"start":{"line":19,"column":562},"end":{"line":19,"column":603}},{"start":{"line":19,"column":606},"end":{"line":19,"column":610}}],"line":19},"12":{"loc":{"start":{"line":19,"column":612},"end":{"line":19,"column":726}},"type":"if","locations":[{"start":{"line":19,"column":612},"end":{"line":19,"column":726}},{"start":{"line":19,"column":612},"end":{"line":19,"column":726}}],"line":19},"13":{"loc":{"start":{"line":19,"column":616},"end":{"line":19,"column":646}},"type":"binary-expr","locations":[{"start":{"line":19,"column":616},"end":{"line":19,"column":620}},{"start":{"line":19,"column":625},"end":{"line":19,"column":633}},{"start":{"line":19,"column":637},"end":{"line":19,"column":645}}],"line":19},"14":{"loc":{"start":{"line":19,"column":756},"end":{"line":19,"column":794}},"type":"if","locations":[{"start":{"line":19,"column":756},"end":{"line":19,"column":794}},{"start":{"line":19,"column":756},"end":{"line":19,"column":794}}],"line":19}},"s":{"0":1,"1":1,"2":1,"3":1,"4":1,"5":1,"6":1,"7":1,"8":1,"9":1,"10":1,"11":1,"12":1,"13":0,"14":0,"15":0,"16":0,"17":0,"18":0,"19":1,"20":1,"21":0,"22":0,"23":0,"24":0,"25":0,"26":0,"27":0,"28":0,"29":0,"30":0,"31":0,"32":0,"33":0,"34":0,"35":0,"36":0,"37":0,"38":1,"39":1,"40":1,"41":1,"42":1,"43":1,"44":1,"45":1,"46":1,"47":1,"48":1,"49":1,"50":1,"51":1,"52":1,"53":1,"54":1,"55":1,"56":1},"f":{"0":0,"1":0,"2":1,"3":1},"b":{"0":[0,0],"1":[0,0],"2":[1,0],"3":[1,1,1],"4":[0,0],"5":[0,0,0],"6":[0,0],"7":[0,0],"8":[0,0],"9":[0,0],"10":[0,0],"11":[0,0],"12":[0,0],"13":[0,0,0],"14":[0,0]},"inputSourceMap":{"version":3,"names":["dotenv","config","app","express","host","process","env","APP_HOST","port","APP_PORT","api_version","API_VERSION","use","cors","helmet","urlencoded","extended","json","morgan","stream","logStream","database","routes","appErrorHandler","genericErrorHandler","notFound","listen","logger","info"],"sourceRoot":"C:\\Users\\darsh\\Desktop\\CFP -NodeJs\\FundooNotes\\FundooApp\\src\\","sources":["index.js"],"sourcesContent":["import dotenv from 'dotenv';\ndotenv.config();\n\nimport express from 'express';\nimport cors from 'cors';\nimport helmet from 'helmet';\n\nimport routes from './routes';\nimport database from './config/database';\nimport {\n  appErrorHandler,\n  genericErrorHandler,\n  notFound\n} from './middlewares/error.middleware';\nimport logger, { logStream } from './config/logger';\n\nimport morgan from 'morgan';\n\nconst app = express();\nconst host = process.env.APP_HOST;\nconst port = process.env.APP_PORT;\nconst api_version = process.env.API_VERSION;\n\napp.use(cors());\napp.use(helmet());\napp.use(express.urlencoded({ extended: true }));\napp.use(express.json());\napp.use(morgan('combined', { stream: logStream }));\n\ndatabase();\n\napp.use(`/api/${api_version}`, routes());\napp.use(appErrorHandler);\napp.use(genericErrorHandler);\napp.use(notFound);\n\napp.listen(port, () => {\n  logger.info(`Server started at ${host}:${port}/api/${api_version}/`);\n});\n\nexport default app;\n"],"mappings":";;;;;;;;AAAA;AAGA;AACA;AACA;AAEA;AACA;AACA;AAKA;AAEA;AAA4B;AAAA;AAf5BA,kBAAM,CAACC,MAAM,EAAE;AAiBf,IAAMC,GAAG,GAAG,IAAAC,mBAAO,GAAE;AACrB,IAAMC,IAAI,GAAGC,OAAO,CAACC,GAAG,CAACC,QAAQ;AACjC,IAAMC,IAAI,GAAGH,OAAO,CAACC,GAAG,CAACG,QAAQ;AACjC,IAAMC,WAAW,GAAGL,OAAO,CAACC,GAAG,CAACK,WAAW;AAE3CT,GAAG,CAACU,GAAG,CAAC,IAAAC,gBAAI,GAAE,CAAC;AACfX,GAAG,CAACU,GAAG,CAAC,IAAAE,kBAAM,GAAE,CAAC;AACjBZ,GAAG,CAACU,GAAG,CAACT,mBAAO,CAACY,UAAU,CAAC;EAAEC,QAAQ,EAAE;AAAK,CAAC,CAAC,CAAC;AAC/Cd,GAAG,CAACU,GAAG,CAACT,mBAAO,CAACc,IAAI,EAAE,CAAC;AACvBf,GAAG,CAACU,GAAG,CAAC,IAAAM,kBAAM,EAAC,UAAU,EAAE;EAAEC,MAAM,EAAEC;AAAU,CAAC,CAAC,CAAC;AAElD,IAAAC,oBAAQ,GAAE;AAEVnB,GAAG,CAACU,GAAG,gBAASF,WAAW,GAAI,IAAAY,kBAAM,GAAE,CAAC;AACxCpB,GAAG,CAACU,GAAG,CAACW,sBAAe,CAAC;AACxBrB,GAAG,CAACU,GAAG,CAACY,0BAAmB,CAAC;AAC5BtB,GAAG,CAACU,GAAG,CAACa,eAAQ,CAAC;AAEjBvB,GAAG,CAACwB,MAAM,CAAClB,IAAI,EAAE,YAAM;EACrBmB,kBAAM,CAACC,IAAI,6BAAsBxB,IAAI,cAAII,IAAI,kBAAQE,WAAW,OAAI;AACtE,CAAC,CAAC;AAAC,eAEYR,GAAG;AAAA"},"_coverageSchema":"1a1c01bbd47fc00a2c39e90264f33305004495a9","hash":"e0505fbe9394754a16dae3bf939e98422953fbed","contentHash":"bfb2004d9cf1eb26904841147a4b1ee50851d92ff8a17dca5c5e604346f1f2bb"},"C:\\Users\\darsh\\Desktop\\CFP -NodeJs\\FundooNotes\\FundooApp\\src\\routes\\index.js":{"path":"C:\\Users\\darsh\\Desktop\\CFP -NodeJs\\FundooNotes\\FundooApp\\src\\routes\\index.js","statementMap":{"0":{"start":{"line":3,"column":29},"end":{"line":3,"column":84}},"1":{"start":{"line":4,"column":0},"end":{"line":6,"column":3}},"2":{"start":{"line":7,"column":0},"end":{"line":7,"column":28}},"3":{"start":{"line":8,"column":15},"end":{"line":8,"column":57}},"4":{"start":{"line":9,"column":12},"end":{"line":9,"column":59}},"5":{"start":{"line":10,"column":13},"end":{"line":10,"column":61}},"6":{"start":{"line":11,"column":13},"end":{"line":11,"column":41}},"7":{"start":{"line":17,"column":13},"end":{"line":24,"column":1}},"8":{"start":{"line":18,"column":2},"end":{"line":20,"column":5}},"9":{"start":{"line":19,"column":4},"end":{"line":19,"column":24}},"10":{"start":{"line":21,"column":2},"end":{"line":21,"column":41}},"11":{"start":{"line":22,"column":2},"end":{"line":22,"column":42}},"12":{"start":{"line":23,"column":2},"end":{"line":23,"column":16}},"13":{"start":{"line":25,"column":15},"end":{"line":25,"column":21}},"14":{"start":{"line":26,"column":0},"end":{"line":26,"column":30}}},"fnMap":{"0":{"name":"routes","decl":{"start":{"line":17,"column":22},"end":{"line":17,"column":28}},"loc":{"start":{"line":17,"column":31},"end":{"line":24,"column":1}},"line":17},"1":{"name":"(anonymous_1)","decl":{"start":{"line":18,"column":18},"end":{"line":18,"column":19}},"loc":{"start":{"line":18,"column":38},"end":{"line":20,"column":3}},"line":18}},"branchMap":{},"s":{"0":1,"1":1,"2":1,"3":1,"4":1,"5":1,"6":1,"7":1,"8":1,"9":0,"10":1,"11":1,"12":1,"13":1,"14":1},"f":{"0":1,"1":0},"b":{},"inputSourceMap":{"version":3,"names":["router","express","Router","routes","get","req","res","json","use","userRoute","notesRoute"],"sourceRoot":"C:\\Users\\darsh\\Desktop\\CFP -NodeJs\\FundooNotes\\FundooApp\\src\\routes\\","sources":["index.js"],"sourcesContent":["import express from 'express';\r\nconst router = express.Router();\r\n\r\nimport userRoute from './user.route';\r\nimport notesRoute from './notes.route';\r\n/**\r\n * Function contains Application routes\r\n *\r\n * @returns router\r\n */\r\nconst routes = () => {\r\n  router.get('/', (req, res) => {\r\n    res.json('Welcome');\r\n  });\r\n  router.use('/users', userRoute);\r\n  router.use('/notes', notesRoute);\r\n\r\n  return router;\r\n};\r\n\r\nexport default routes;\r\n"],"mappings":";;;;;;;AAAA;AAGA;AACA;AAHA,IAAMA,MAAM,GAAGC,mBAAO,CAACC,MAAM,EAAE;AAI/B;AACA;AACA;AACA;AACA;AACA,IAAMC,MAAM,GAAG,SAATA,MAAM,GAAS;EACnBH,MAAM,CAACI,GAAG,CAAC,GAAG,EAAE,UAACC,GAAG,EAAEC,GAAG,EAAK;IAC5BA,GAAG,CAACC,IAAI,CAAC,SAAS,CAAC;EACrB,CAAC,CAAC;EACFP,MAAM,CAACQ,GAAG,CAAC,QAAQ,EAAEC,gBAAS,CAAC;EAC/BT,MAAM,CAACQ,GAAG,CAAC,QAAQ,EAAEE,iBAAU,CAAC;EAEhC,OAAOV,MAAM;AACf,CAAC;AAAC,eAEaG,MAAM;AAAA"},"_coverageSchema":"1a1c01bbd47fc00a2c39e90264f33305004495a9","hash":"ba2f0a358bb61c425883b2ffa60e35988d6586ac","contentHash":"7f2f30bd2037df1cd4ee2c2b5d535d35fde7c690680592f9010597c9bfa899d8"},"C:\\Users\\darsh\\Desktop\\CFP -NodeJs\\FundooNotes\\FundooApp\\src\\routes\\user.route.js":{"path":"C:\\Users\\darsh\\Desktop\\CFP -NodeJs\\FundooNotes\\FundooApp\\src\\routes\\user.route.js","statementMap":{"0":{"start":{"line":3,"column":29},"end":{"line":3,"column":84}},"1":{"start":{"line":4,"column":14},"end":{"line":4,"column":54}},"2":{"start":{"line":5,"column":0},"end":{"line":7,"column":3}},"3":{"start":{"line":8,"column":0},"end":{"line":8,"column":28}},"4":{"start":{"line":9,"column":15},"end":{"line":9,"column":57}},"5":{"start":{"line":10,"column":21},"end":{"line":10,"column":87}},"6":{"start":{"line":11,"column":13},"end":{"line":11,"column":52}},"7":{"start":{"line":12,"column":12},"end":{"line":12,"column":53}},"8":{"start":{"line":13,"column":49},"end":{"line":13,"column":96}},"9":{"start":{"line":13,"column":84},"end":{"line":13,"column":96}},"10":{"start":{"line":13,"column":121},"end":{"line":13,"column":134}},"11":{"start":{"line":13,"column":159},"end":{"line":13,"column":172}},"12":{"start":{"line":13,"column":174},"end":{"line":13,"column":333}},"13":{"start":{"line":13,"column":258},"end":{"line":13,"column":316}},"14":{"start":{"line":14,"column":53},"end":{"line":14,"column":111}},"15":{"start":{"line":14,"column":98},"end":{"line":14,"column":109}},"16":{"start":{"line":14,"column":112},"end":{"line":14,"column":218}},"17":{"start":{"line":14,"column":190},"end":{"line":14,"column":216}},"18":{"start":{"line":14,"column":231},"end":{"line":14,"column":268}},"19":{"start":{"line":14,"column":270},"end":{"line":14,"column":325}},"20":{"start":{"line":14,"column":301},"end":{"line":14,"column":323}},"21":{"start":{"line":14,"column":339},"end":{"line":14,"column":341}},"22":{"start":{"line":14,"column":371},"end":{"line":14,"column":427}},"23":{"start":{"line":14,"column":429},"end":{"line":14,"column":730}},"24":{"start":{"line":14,"column":452},"end":{"line":14,"column":728}},"25":{"start":{"line":14,"column":538},"end":{"line":14,"column":610}},"26":{"start":{"line":14,"column":612},"end":{"line":14,"column":726}},"27":{"start":{"line":14,"column":650},"end":{"line":14,"column":691}},"28":{"start":{"line":14,"column":701},"end":{"line":14,"column":724}},"29":{"start":{"line":14,"column":731},"end":{"line":14,"column":755}},"30":{"start":{"line":14,"column":756},"end":{"line":14,"column":794}},"31":{"start":{"line":14,"column":769},"end":{"line":14,"column":792}},"32":{"start":{"line":14,"column":795},"end":{"line":14,"column":809}},"33":{"start":{"line":15,"column":13},"end":{"line":15,"column":41}},"34":{"start":{"line":18,"column":0},"end":{"line":18,"column":75}},"35":{"start":{"line":21,"column":0},"end":{"line":21,"column":67}},"36":{"start":{"line":24,"column":0},"end":{"line":24,"column":54}},"37":{"start":{"line":27,"column":0},"end":{"line":27,"column":79}},"38":{"start":{"line":28,"column":15},"end":{"line":28,"column":21}},"39":{"start":{"line":29,"column":0},"end":{"line":29,"column":30}}},"fnMap":{"0":{"name":"_getRequireWildcardCache","decl":{"start":{"line":13,"column":9},"end":{"line":13,"column":33}},"loc":{"start":{"line":13,"column":47},"end":{"line":13,"column":335}},"line":13},"1":{"name":"_getRequireWildcardCache","decl":{"start":{"line":13,"column":218},"end":{"line":13,"column":242}},"loc":{"start":{"line":13,"column":256},"end":{"line":13,"column":318}},"line":13},"2":{"name":"_interopRequireWildcard","decl":{"start":{"line":14,"column":9},"end":{"line":14,"column":32}},"loc":{"start":{"line":14,"column":51},"end":{"line":14,"column":811}},"line":14}},"branchMap":{"0":{"loc":{"start":{"line":13,"column":49},"end":{"line":13,"column":96}},"type":"if","locations":[{"start":{"line":13,"column":49},"end":{"line":13,"column":96}},{"start":{"line":13,"column":49},"end":{"line":13,"column":96}}],"line":13},"1":{"loc":{"start":{"line":13,"column":265},"end":{"line":13,"column":315}},"type":"cond-expr","locations":[{"start":{"line":13,"column":279},"end":{"line":13,"column":295}},{"start":{"line":13,"column":298},"end":{"line":13,"column":315}}],"line":13},"2":{"loc":{"start":{"line":14,"column":53},"end":{"line":14,"column":111}},"type":"if","locations":[{"start":{"line":14,"column":53},"end":{"line":14,"column":111}},{"start":{"line":14,"column":53},"end":{"line":14,"column":111}}],"line":14},"3":{"loc":{"start":{"line":14,"column":57},"end":{"line":14,"column":94}},"type":"binary-expr","locations":[{"start":{"line":14,"column":57},"end":{"line":14,"column":69}},{"start":{"line":14,"column":73},"end":{"line":14,"column":76}},{"start":{"line":14,"column":80},"end":{"line":14,"column":94}}],"line":14},"4":{"loc":{"start":{"line":14,"column":112},"end":{"line":14,"column":218}},"type":"if","locations":[{"start":{"line":14,"column":112},"end":{"line":14,"column":218}},{"start":{"line":14,"column":112},"end":{"line":14,"column":218}}],"line":14},"5":{"loc":{"start":{"line":14,"column":116},"end":{"line":14,"column":186}},"type":"binary-expr","locations":[{"start":{"line":14,"column":116},"end":{"line":14,"column":128}},{"start":{"line":14,"column":132},"end":{"line":14,"column":157}},{"start":{"line":14,"column":161},"end":{"line":14,"column":186}}],"line":14},"6":{"loc":{"start":{"line":14,"column":270},"end":{"line":14,"column":325}},"type":"if","locations":[{"start":{"line":14,"column":270},"end":{"line":14,"column":325}},{"start":{"line":14,"column":270},"end":{"line":14,"column":325}}],"line":14},"7":{"loc":{"start":{"line":14,"column":274},"end":{"line":14,"column":297}},"type":"binary-expr","locations":[{"start":{"line":14,"column":274},"end":{"line":14,"column":279}},{"start":{"line":14,"column":283},"end":{"line":14,"column":297}}],"line":14},"8":{"loc":{"start":{"line":14,"column":371},"end":{"line":14,"column":427}},"type":"binary-expr","locations":[{"start":{"line":14,"column":371},"end":{"line":14,"column":392}},{"start":{"line":14,"column":396},"end":{"line":14,"column":427}}],"line":14},"9":{"loc":{"start":{"line":14,"column":452},"end":{"line":14,"column":728}},"type":"if","locations":[{"start":{"line":14,"column":452},"end":{"line":14,"column":728}},{"start":{"line":14,"column":452},"end":{"line":14,"column":728}}],"line":14},"10":{"loc":{"start":{"line":14,"column":456},"end":{"line":14,"column":523}},"type":"binary-expr","locations":[{"start":{"line":14,"column":456},"end":{"line":14,"column":473}},{"start":{"line":14,"column":477},"end":{"line":14,"column":523}}],"line":14},"11":{"loc":{"start":{"line":14,"column":538},"end":{"line":14,"column":610}},"type":"cond-expr","locations":[{"start":{"line":14,"column":562},"end":{"line":14,"column":603}},{"start":{"line":14,"column":606},"end":{"line":14,"column":610}}],"line":14},"12":{"loc":{"start":{"line":14,"column":612},"end":{"line":14,"column":726}},"type":"if","locations":[{"start":{"line":14,"column":612},"end":{"line":14,"column":726}},{"start":{"line":14,"column":612},"end":{"line":14,"column":726}}],"line":14},"13":{"loc":{"start":{"line":14,"column":616},"end":{"line":14,"column":646}},"type":"binary-expr","locations":[{"start":{"line":14,"column":616},"end":{"line":14,"column":620}},{"start":{"line":14,"column":625},"end":{"line":14,"column":633}},{"start":{"line":14,"column":637},"end":{"line":14,"column":645}}],"line":14},"14":{"loc":{"start":{"line":14,"column":756},"end":{"line":14,"column":794}},"type":"if","locations":[{"start":{"line":14,"column":756},"end":{"line":14,"column":794}},{"start":{"line":14,"column":756},"end":{"line":14,"column":794}}],"line":14}},"s":{"0":1,"1":1,"2":1,"3":1,"4":1,"5":1,"6":1,"7":1,"8":0,"9":0,"10":0,"11":0,"12":0,"13":0,"14":1,"15":1,"16":0,"17":0,"18":0,"19":0,"20":0,"21":0,"22":0,"23":0,"24":0,"25":0,"26":0,"27":0,"28":0,"29":0,"30":0,"31":0,"32":0,"33":1,"34":1,"35":1,"36":1,"37":1,"38":1,"39":1},"f":{"0":0,"1":0,"2":1},"b":{"0":[0,0],"1":[0,0],"2":[1,0],"3":[1,1,1],"4":[0,0],"5":[0,0,0],"6":[0,0],"7":[0,0],"8":[0,0],"9":[0,0],"10":[0,0],"11":[0,0],"12":[0,0],"13":[0,0,0],"14":[0,0]},"inputSourceMap":{"version":3,"names":["router","express","Router","post","registerUserValidator","userController","registerUser","loginValidator","login","forgotPassword","put","userResetAuth","resetPassword"],"sourceRoot":"C:\\Users\\darsh\\Desktop\\CFP -NodeJs\\FundooNotes\\FundooApp\\src\\routes\\","sources":["user.route.js"],"sourcesContent":["import express from 'express';\nimport * as userController from '../controllers/user.controller';\nimport {\n  registerUserValidator,\n  loginValidator\n} from '../validators/user.validator';\nimport { userAuth, userResetAuth } from '../middlewares/auth.middleware';\n\nconst router = express.Router();\n\n//route to register a new user\nrouter.post('', registerUserValidator, userController.registerUser);\n\n//route to login user\nrouter.post('/login', loginValidator, userController.login);\n\n//route to forget password\nrouter.post('/forgot', userController.forgotPassword);\n\n//route to reset password\nrouter.put('/reset/:token', userResetAuth, userController.resetPassword);\n\nexport default router;\n"],"mappings":";;;;;;;;AAAA;AACA;AACA;AAIA;AAAyE;AAAA;AAEzE,IAAMA,MAAM,GAAGC,mBAAO,CAACC,MAAM,EAAE;;AAE/B;AACAF,MAAM,CAACG,IAAI,CAAC,EAAE,EAAEC,4BAAqB,EAAEC,cAAc,CAACC,YAAY,CAAC;;AAEnE;AACAN,MAAM,CAACG,IAAI,CAAC,QAAQ,EAAEI,qBAAc,EAAEF,cAAc,CAACG,KAAK,CAAC;;AAE3D;AACAR,MAAM,CAACG,IAAI,CAAC,SAAS,EAAEE,cAAc,CAACI,cAAc,CAAC;;AAErD;AACAT,MAAM,CAACU,GAAG,CAAC,eAAe,EAAEC,mBAAa,EAAEN,cAAc,CAACO,aAAa,CAAC;AAAC,eAE1DZ,MAAM;AAAA"},"_coverageSchema":"1a1c01bbd47fc00a2c39e90264f33305004495a9","hash":"3024865071f9cf71fdf28c96086696569edc44d6","contentHash":"7a9d8b2811b3f690c55755f2d1bd209707d7bd589880302e107bb12e1c84f14f"},"C:\\Users\\darsh\\Desktop\\CFP -NodeJs\\FundooNotes\\FundooApp\\src\\controllers\\user.controller.js":{"path":"C:\\Users\\darsh\\Desktop\\CFP -NodeJs\\FundooNotes\\FundooApp\\src\\controllers\\user.controller.js","statementMap":{"0":{"start":{"line":3,"column":29},"end":{"line":3,"column":84}},"1":{"start":{"line":4,"column":14},"end":{"line":4,"column":54}},"2":{"start":{"line":5,"column":0},"end":{"line":7,"column":3}},"3":{"start":{"line":8,"column":0},"end":{"line":8,"column":95}},"4":{"start":{"line":9,"column":19},"end":{"line":9,"column":80}},"5":{"start":{"line":10,"column":25},"end":{"line":10,"column":99}},"6":{"start":{"line":11,"column":23},"end":{"line":11,"column":75}},"7":{"start":{"line":12,"column":18},"end":{"line":12,"column":78}},"8":{"start":{"line":13,"column":49},"end":{"line":13,"column":96}},"9":{"start":{"line":13,"column":84},"end":{"line":13,"column":96}},"10":{"start":{"line":13,"column":121},"end":{"line":13,"column":134}},"11":{"start":{"line":13,"column":159},"end":{"line":13,"column":172}},"12":{"start":{"line":13,"column":174},"end":{"line":13,"column":333}},"13":{"start":{"line":13,"column":258},"end":{"line":13,"column":316}},"14":{"start":{"line":14,"column":53},"end":{"line":14,"column":111}},"15":{"start":{"line":14,"column":98},"end":{"line":14,"column":109}},"16":{"start":{"line":14,"column":112},"end":{"line":14,"column":218}},"17":{"start":{"line":14,"column":190},"end":{"line":14,"column":216}},"18":{"start":{"line":14,"column":231},"end":{"line":14,"column":268}},"19":{"start":{"line":14,"column":270},"end":{"line":14,"column":325}},"20":{"start":{"line":14,"column":301},"end":{"line":14,"column":323}},"21":{"start":{"line":14,"column":339},"end":{"line":14,"column":341}},"22":{"start":{"line":14,"column":371},"end":{"line":14,"column":427}},"23":{"start":{"line":14,"column":429},"end":{"line":14,"column":730}},"24":{"start":{"line":14,"column":452},"end":{"line":14,"column":728}},"25":{"start":{"line":14,"column":538},"end":{"line":14,"column":610}},"26":{"start":{"line":14,"column":612},"end":{"line":14,"column":726}},"27":{"start":{"line":14,"column":650},"end":{"line":14,"column":691}},"28":{"start":{"line":14,"column":701},"end":{"line":14,"column":724}},"29":{"start":{"line":14,"column":731},"end":{"line":14,"column":755}},"30":{"start":{"line":14,"column":756},"end":{"line":14,"column":794}},"31":{"start":{"line":14,"column":769},"end":{"line":14,"column":792}},"32":{"start":{"line":14,"column":795},"end":{"line":14,"column":809}},"33":{"start":{"line":21,"column":25},"end":{"line":57,"column":3}},"34":{"start":{"line":22,"column":13},"end":{"line":53,"column":5}},"35":{"start":{"line":24,"column":4},"end":{"line":52,"column":32}},"36":{"start":{"line":25,"column":6},"end":{"line":51,"column":7}},"37":{"start":{"line":26,"column":8},"end":{"line":50,"column":9}},"38":{"start":{"line":28,"column":12},"end":{"line":28,"column":30}},"39":{"start":{"line":29,"column":12},"end":{"line":29,"column":30}},"40":{"start":{"line":30,"column":12},"end":{"line":30,"column":47}},"41":{"start":{"line":32,"column":12},"end":{"line":32,"column":33}},"42":{"start":{"line":33,"column":12},"end":{"line":37,"column":15}},"43":{"start":{"line":38,"column":12},"end":{"line":38,"column":31}},"44":{"start":{"line":39,"column":12},"end":{"line":39,"column":18}},"45":{"start":{"line":41,"column":12},"end":{"line":41,"column":30}},"46":{"start":{"line":42,"column":12},"end":{"line":42,"column":47}},"47":{"start":{"line":43,"column":12},"end":{"line":46,"column":15}},"48":{"start":{"line":49,"column":12},"end":{"line":49,"column":35}},"49":{"start":{"line":54,"column":2},"end":{"line":56,"column":4}},"50":{"start":{"line":55,"column":4},"end":{"line":55,"column":39}},"51":{"start":{"line":65,"column":0},"end":{"line":65,"column":22}},"52":{"start":{"line":66,"column":32},"end":{"line":99,"column":3}},"53":{"start":{"line":67,"column":14},"end":{"line":95,"column":5}},"54":{"start":{"line":69,"column":4},"end":{"line":94,"column":33}},"55":{"start":{"line":70,"column":6},"end":{"line":93,"column":7}},"56":{"start":{"line":71,"column":8},"end":{"line":92,"column":9}},"57":{"start":{"line":73,"column":12},"end":{"line":73,"column":31}},"58":{"start":{"line":74,"column":12},"end":{"line":74,"column":31}},"59":{"start":{"line":75,"column":12},"end":{"line":75,"column":54}},"60":{"start":{"line":77,"column":12},"end":{"line":77,"column":34}},"61":{"start":{"line":78,"column":12},"end":{"line":82,"column":15}},"62":{"start":{"line":83,"column":12},"end":{"line":83,"column":32}},"63":{"start":{"line":84,"column":12},"end":{"line":84,"column":18}},"64":{"start":{"line":86,"column":12},"end":{"line":86,"column":31}},"65":{"start":{"line":87,"column":12},"end":{"line":87,"column":49}},"66":{"start":{"line":88,"column":12},"end":{"line":88,"column":31}},"67":{"start":{"line":91,"column":12},"end":{"line":91,"column":36}},"68":{"start":{"line":96,"column":2},"end":{"line":98,"column":4}},"69":{"start":{"line":97,"column":4},"end":{"line":97,"column":40}},"70":{"start":{"line":107,"column":0},"end":{"line":107,"column":36}},"71":{"start":{"line":108,"column":34},"end":{"line":141,"column":3}},"72":{"start":{"line":109,"column":14},"end":{"line":137,"column":5}},"73":{"start":{"line":111,"column":4},"end":{"line":136,"column":33}},"74":{"start":{"line":112,"column":6},"end":{"line":135,"column":7}},"75":{"start":{"line":113,"column":8},"end":{"line":134,"column":9}},"76":{"start":{"line":115,"column":12},"end":{"line":115,"column":31}},"77":{"start":{"line":116,"column":12},"end":{"line":116,"column":31}},"78":{"start":{"line":117,"column":12},"end":{"line":117,"column":56}},"79":{"start":{"line":119,"column":12},"end":{"line":119,"column":34}},"80":{"start":{"line":120,"column":12},"end":{"line":124,"column":15}},"81":{"start":{"line":125,"column":12},"end":{"line":125,"column":32}},"82":{"start":{"line":126,"column":12},"end":{"line":126,"column":18}},"83":{"start":{"line":128,"column":12},"end":{"line":128,"column":31}},"84":{"start":{"line":129,"column":12},"end":{"line":129,"column":49}},"85":{"start":{"line":130,"column":12},"end":{"line":130,"column":31}},"86":{"start":{"line":133,"column":12},"end":{"line":133,"column":36}},"87":{"start":{"line":138,"column":2},"end":{"line":140,"column":4}},"88":{"start":{"line":139,"column":4},"end":{"line":139,"column":40}},"89":{"start":{"line":149,"column":0},"end":{"line":149,"column":40}},"90":{"start":{"line":150,"column":33},"end":{"line":183,"column":3}},"91":{"start":{"line":151,"column":14},"end":{"line":179,"column":5}},"92":{"start":{"line":153,"column":4},"end":{"line":178,"column":33}},"93":{"start":{"line":154,"column":6},"end":{"line":177,"column":7}},"94":{"start":{"line":155,"column":8},"end":{"line":176,"column":9}},"95":{"start":{"line":157,"column":12},"end":{"line":157,"column":31}},"96":{"start":{"line":158,"column":12},"end":{"line":158,"column":31}},"97":{"start":{"line":159,"column":12},"end":{"line":159,"column":55}},"98":{"start":{"line":161,"column":12},"end":{"line":161,"column":34}},"99":{"start":{"line":162,"column":12},"end":{"line":166,"column":15}},"100":{"start":{"line":167,"column":12},"end":{"line":167,"column":32}},"101":{"start":{"line":168,"column":12},"end":{"line":168,"column":18}},"102":{"start":{"line":170,"column":12},"end":{"line":170,"column":31}},"103":{"start":{"line":171,"column":12},"end":{"line":171,"column":49}},"104":{"start":{"line":172,"column":12},"end":{"line":172,"column":31}},"105":{"start":{"line":175,"column":12},"end":{"line":175,"column":36}},"106":{"start":{"line":180,"column":2},"end":{"line":182,"column":4}},"107":{"start":{"line":181,"column":4},"end":{"line":181,"column":40}},"108":{"start":{"line":184,"column":0},"end":{"line":184,"column":38}}},"fnMap":{"0":{"name":"_getRequireWildcardCache","decl":{"start":{"line":13,"column":9},"end":{"line":13,"column":33}},"loc":{"start":{"line":13,"column":47},"end":{"line":13,"column":335}},"line":13},"1":{"name":"_getRequireWildcardCache","decl":{"start":{"line":13,"column":218},"end":{"line":13,"column":242}},"loc":{"start":{"line":13,"column":256},"end":{"line":13,"column":318}},"line":13},"2":{"name":"_interopRequireWildcard","decl":{"start":{"line":14,"column":9},"end":{"line":14,"column":32}},"loc":{"start":{"line":14,"column":51},"end":{"line":14,"column":811}},"line":14},"3":{"name":"(anonymous_3)","decl":{"start":{"line":21,"column":25},"end":{"line":21,"column":26}},"loc":{"start":{"line":21,"column":37},"end":{"line":57,"column":1}},"line":21},"4":{"name":"_callee","decl":{"start":{"line":22,"column":100},"end":{"line":22,"column":107}},"loc":{"start":{"line":22,"column":124},"end":{"line":53,"column":3}},"line":22},"5":{"name":"_callee$","decl":{"start":{"line":24,"column":49},"end":{"line":24,"column":57}},"loc":{"start":{"line":24,"column":68},"end":{"line":52,"column":5}},"line":24},"6":{"name":"login","decl":{"start":{"line":54,"column":18},"end":{"line":54,"column":23}},"loc":{"start":{"line":54,"column":38},"end":{"line":56,"column":3}},"line":54},"7":{"name":"(anonymous_7)","decl":{"start":{"line":66,"column":32},"end":{"line":66,"column":33}},"loc":{"start":{"line":66,"column":44},"end":{"line":99,"column":1}},"line":66},"8":{"name":"_callee2","decl":{"start":{"line":67,"column":101},"end":{"line":67,"column":109}},"loc":{"start":{"line":67,"column":126},"end":{"line":95,"column":3}},"line":67},"9":{"name":"_callee2$","decl":{"start":{"line":69,"column":49},"end":{"line":69,"column":58}},"loc":{"start":{"line":69,"column":70},"end":{"line":94,"column":5}},"line":69},"10":{"name":"registerUser","decl":{"start":{"line":96,"column":18},"end":{"line":96,"column":30}},"loc":{"start":{"line":96,"column":46},"end":{"line":98,"column":3}},"line":96},"11":{"name":"(anonymous_11)","decl":{"start":{"line":108,"column":34},"end":{"line":108,"column":35}},"loc":{"start":{"line":108,"column":46},"end":{"line":141,"column":1}},"line":108},"12":{"name":"_callee3","decl":{"start":{"line":109,"column":101},"end":{"line":109,"column":109}},"loc":{"start":{"line":109,"column":126},"end":{"line":137,"column":3}},"line":109},"13":{"name":"_callee3$","decl":{"start":{"line":111,"column":49},"end":{"line":111,"column":58}},"loc":{"start":{"line":111,"column":70},"end":{"line":136,"column":5}},"line":111},"14":{"name":"forgotPassword","decl":{"start":{"line":138,"column":18},"end":{"line":138,"column":32}},"loc":{"start":{"line":138,"column":48},"end":{"line":140,"column":3}},"line":138},"15":{"name":"(anonymous_15)","decl":{"start":{"line":150,"column":33},"end":{"line":150,"column":34}},"loc":{"start":{"line":150,"column":45},"end":{"line":183,"column":1}},"line":150},"16":{"name":"_callee4","decl":{"start":{"line":151,"column":101},"end":{"line":151,"column":109}},"loc":{"start":{"line":151,"column":126},"end":{"line":179,"column":3}},"line":151},"17":{"name":"_callee4$","decl":{"start":{"line":153,"column":49},"end":{"line":153,"column":58}},"loc":{"start":{"line":153,"column":70},"end":{"line":178,"column":5}},"line":153},"18":{"name":"resetPassword","decl":{"start":{"line":180,"column":18},"end":{"line":180,"column":31}},"loc":{"start":{"line":180,"column":50},"end":{"line":182,"column":3}},"line":180}},"branchMap":{"0":{"loc":{"start":{"line":13,"column":49},"end":{"line":13,"column":96}},"type":"if","locations":[{"start":{"line":13,"column":49},"end":{"line":13,"column":96}},{"start":{"line":13,"column":49},"end":{"line":13,"column":96}}],"line":13},"1":{"loc":{"start":{"line":13,"column":265},"end":{"line":13,"column":315}},"type":"cond-expr","locations":[{"start":{"line":13,"column":279},"end":{"line":13,"column":295}},{"start":{"line":13,"column":298},"end":{"line":13,"column":315}}],"line":13},"2":{"loc":{"start":{"line":14,"column":53},"end":{"line":14,"column":111}},"type":"if","locations":[{"start":{"line":14,"column":53},"end":{"line":14,"column":111}},{"start":{"line":14,"column":53},"end":{"line":14,"column":111}}],"line":14},"3":{"loc":{"start":{"line":14,"column":57},"end":{"line":14,"column":94}},"type":"binary-expr","locations":[{"start":{"line":14,"column":57},"end":{"line":14,"column":69}},{"start":{"line":14,"column":73},"end":{"line":14,"column":76}},{"start":{"line":14,"column":80},"end":{"line":14,"column":94}}],"line":14},"4":{"loc":{"start":{"line":14,"column":112},"end":{"line":14,"column":218}},"type":"if","locations":[{"start":{"line":14,"column":112},"end":{"line":14,"column":218}},{"start":{"line":14,"column":112},"end":{"line":14,"column":218}}],"line":14},"5":{"loc":{"start":{"line":14,"column":116},"end":{"line":14,"column":186}},"type":"binary-expr","locations":[{"start":{"line":14,"column":116},"end":{"line":14,"column":128}},{"start":{"line":14,"column":132},"end":{"line":14,"column":157}},{"start":{"line":14,"column":161},"end":{"line":14,"column":186}}],"line":14},"6":{"loc":{"start":{"line":14,"column":270},"end":{"line":14,"column":325}},"type":"if","locations":[{"start":{"line":14,"column":270},"end":{"line":14,"column":325}},{"start":{"line":14,"column":270},"end":{"line":14,"column":325}}],"line":14},"7":{"loc":{"start":{"line":14,"column":274},"end":{"line":14,"column":297}},"type":"binary-expr","locations":[{"start":{"line":14,"column":274},"end":{"line":14,"column":279}},{"start":{"line":14,"column":283},"end":{"line":14,"column":297}}],"line":14},"8":{"loc":{"start":{"line":14,"column":371},"end":{"line":14,"column":427}},"type":"binary-expr","locations":[{"start":{"line":14,"column":371},"end":{"line":14,"column":392}},{"start":{"line":14,"column":396},"end":{"line":14,"column":427}}],"line":14},"9":{"loc":{"start":{"line":14,"column":452},"end":{"line":14,"column":728}},"type":"if","locations":[{"start":{"line":14,"column":452},"end":{"line":14,"column":728}},{"start":{"line":14,"column":452},"end":{"line":14,"column":728}}],"line":14},"10":{"loc":{"start":{"line":14,"column":456},"end":{"line":14,"column":523}},"type":"binary-expr","locations":[{"start":{"line":14,"column":456},"end":{"line":14,"column":473}},{"start":{"line":14,"column":477},"end":{"line":14,"column":523}}],"line":14},"11":{"loc":{"start":{"line":14,"column":538},"end":{"line":14,"column":610}},"type":"cond-expr","locations":[{"start":{"line":14,"column":562},"end":{"line":14,"column":603}},{"start":{"line":14,"column":606},"end":{"line":14,"column":610}}],"line":14},"12":{"loc":{"start":{"line":14,"column":612},"end":{"line":14,"column":726}},"type":"if","locations":[{"start":{"line":14,"column":612},"end":{"line":14,"column":726}},{"start":{"line":14,"column":612},"end":{"line":14,"column":726}}],"line":14},"13":{"loc":{"start":{"line":14,"column":616},"end":{"line":14,"column":646}},"type":"binary-expr","locations":[{"start":{"line":14,"column":616},"end":{"line":14,"column":620}},{"start":{"line":14,"column":625},"end":{"line":14,"column":633}},{"start":{"line":14,"column":637},"end":{"line":14,"column":645}}],"line":14},"14":{"loc":{"start":{"line":14,"column":756},"end":{"line":14,"column":794}},"type":"if","locations":[{"start":{"line":14,"column":756},"end":{"line":14,"column":794}},{"start":{"line":14,"column":756},"end":{"line":14,"column":794}}],"line":14},"15":{"loc":{"start":{"line":26,"column":8},"end":{"line":50,"column":9}},"type":"switch","locations":[{"start":{"line":27,"column":10},"end":{"line":30,"column":47}},{"start":{"line":31,"column":10},"end":{"line":39,"column":18}},{"start":{"line":40,"column":10},"end":{"line":46,"column":15}},{"start":{"line":47,"column":10},"end":{"line":47,"column":18}},{"start":{"line":48,"column":10},"end":{"line":49,"column":35}}],"line":26},"16":{"loc":{"start":{"line":71,"column":8},"end":{"line":92,"column":9}},"type":"switch","locations":[{"start":{"line":72,"column":10},"end":{"line":75,"column":54}},{"start":{"line":76,"column":10},"end":{"line":84,"column":18}},{"start":{"line":85,"column":10},"end":{"line":88,"column":31}},{"start":{"line":89,"column":10},"end":{"line":89,"column":18}},{"start":{"line":90,"column":10},"end":{"line":91,"column":36}}],"line":71},"17":{"loc":{"start":{"line":113,"column":8},"end":{"line":134,"column":9}},"type":"switch","locations":[{"start":{"line":114,"column":10},"end":{"line":117,"column":56}},{"start":{"line":118,"column":10},"end":{"line":126,"column":18}},{"start":{"line":127,"column":10},"end":{"line":130,"column":31}},{"start":{"line":131,"column":10},"end":{"line":131,"column":18}},{"start":{"line":132,"column":10},"end":{"line":133,"column":36}}],"line":113},"18":{"loc":{"start":{"line":155,"column":8},"end":{"line":176,"column":9}},"type":"switch","locations":[{"start":{"line":156,"column":10},"end":{"line":159,"column":55}},{"start":{"line":160,"column":10},"end":{"line":168,"column":18}},{"start":{"line":169,"column":10},"end":{"line":172,"column":31}},{"start":{"line":173,"column":10},"end":{"line":173,"column":18}},{"start":{"line":174,"column":10},"end":{"line":175,"column":36}}],"line":155}},"s":{"0":1,"1":1,"2":1,"3":1,"4":1,"5":1,"6":1,"7":1,"8":0,"9":0,"10":0,"11":0,"12":0,"13":0,"14":1,"15":1,"16":0,"17":0,"18":0,"19":0,"20":0,"21":0,"22":0,"23":0,"24":0,"25":0,"26":0,"27":0,"28":0,"29":0,"30":0,"31":0,"32":0,"33":1,"34":1,"35":2,"36":4,"37":5,"38":2,"39":2,"40":2,"41":1,"42":1,"43":1,"44":1,"45":1,"46":1,"47":1,"48":2,"49":1,"50":2,"51":1,"52":1,"53":1,"54":1,"55":2,"56":3,"57":1,"58":1,"59":1,"60":1,"61":1,"62":1,"63":1,"64":0,"65":0,"66":0,"67":1,"68":1,"69":1,"70":1,"71":1,"72":1,"73":0,"74":0,"75":0,"76":0,"77":0,"78":0,"79":0,"80":0,"81":0,"82":0,"83":0,"84":0,"85":0,"86":0,"87":1,"88":0,"89":1,"90":1,"91":1,"92":0,"93":0,"94":0,"95":0,"96":0,"97":0,"98":0,"99":0,"100":0,"101":0,"102":0,"103":0,"104":0,"105":0,"106":1,"107":0,"108":1},"f":{"0":0,"1":0,"2":1,"3":1,"4":2,"5":4,"6":2,"7":1,"8":1,"9":2,"10":1,"11":1,"12":0,"13":0,"14":0,"15":1,"16":0,"17":0,"18":0},"b":{"0":[0,0],"1":[0,0],"2":[1,0],"3":[1,1,1],"4":[0,0],"5":[0,0,0],"6":[0,0],"7":[0,0],"8":[0,0],"9":[0,0],"10":[0,0],"11":[0,0],"12":[0,0],"13":[0,0,0],"14":[0,0],"15":[2,1,1,2,2],"16":[1,1,0,1,1],"17":[0,0,0,0,0],"18":[0,0,0,0,0]},"inputSourceMap":{"version":3,"names":["login","req","res","next","UserService","body","data","status","HttpStatus","OK","json","code","message","BAD_REQUEST","registerUser","CREATED","forgotPassword","resetPassword"],"sourceRoot":"C:\\Users\\darsh\\Desktop\\CFP -NodeJs\\FundooNotes\\FundooApp\\src\\controllers\\","sources":["user.controller.js"],"sourcesContent":["import HttpStatus from 'http-status-codes';\nimport * as UserService from '../services/user.service';\n\n/**\n * Controller to get a single user\n * @param  {object} req - request object\n * @param {object} res - response object\n * @param {Function} next\n */\nexport const login = async (req, res, next) => {\n  try {\n    const data = await UserService.login(req.body);\n    res.status(HttpStatus.OK).json({\n      code: HttpStatus.OK,\n      data: data,\n      message: 'User login successfull'\n    });\n  } catch (error) {\n    res.status(HttpStatus.BAD_REQUEST).json({\n      code: HttpStatus.BAD_REQUEST,\n      message: `${error}`\n    });\n  }\n};\n\n/**\n * Controller to create a new user\n * @param  {object} req - request object\n * @param {object} res - response object\n * @param {Function} next\n */\nexport const registerUser = async (req, res, next) => {\n  try {\n    const data = await UserService.registerUser(req.body);\n    res.status(HttpStatus.CREATED).json({\n      code: HttpStatus.CREATED,\n      data: data,\n      message: 'User registered successfully'\n    });\n  } catch (error) {\n    next(error);\n  }\n};\n\n/**\n * Controller for forgot password\n * @param  {object} req - request object\n * @param {object} res - response object\n * @param {Function} next\n */\nexport const forgotPassword = async (req, res, next) => {\n  try {\n    const data = await UserService.forgotPassword(req.body);\n    res.status(HttpStatus.CREATED).json({\n      code: HttpStatus.CREATED,\n      data: data,\n      message: 'password reset link send sucessfully'\n    });\n  } catch (error) {\n    next(error);\n  }\n};\n\n/**\n * Controller to reset password\n * @param  {object} req - request object\n * @param {object} res - response object\n * @param {Function} next\n */\nexport const resetPassword = async (req, res, next) => {\n  try {\n    const data = await UserService.resetPassword(req.body);\n    res.status(HttpStatus.CREATED).json({\n      code: HttpStatus.CREATED,\n      data: data,\n      message: 'password reset sucessfull'\n    });\n  } catch (error) {\n    next(error);\n  }\n};\n"],"mappings":";;;;;;;;;;AAAA;AACA;AAAwD;AAAA;AAExD;AACA;AACA;AACA;AACA;AACA;AACO,IAAMA,KAAK;EAAA,yFAAG,iBAAOC,GAAG,EAAEC,GAAG,EAAEC,IAAI;IAAA;IAAA;MAAA;QAAA;UAAA;YAAA;YAAA;YAAA,OAEnBC,WAAW,CAACJ,KAAK,CAACC,GAAG,CAACI,IAAI,CAAC;UAAA;YAAxCC,IAAI;YACVJ,GAAG,CAACK,MAAM,CAACC,2BAAU,CAACC,EAAE,CAAC,CAACC,IAAI,CAAC;cAC7BC,IAAI,EAAEH,2BAAU,CAACC,EAAE;cACnBH,IAAI,EAAEA,IAAI;cACVM,OAAO,EAAE;YACX,CAAC,CAAC;YAAC;YAAA;UAAA;YAAA;YAAA;YAEHV,GAAG,CAACK,MAAM,CAACC,2BAAU,CAACK,WAAW,CAAC,CAACH,IAAI,CAAC;cACtCC,IAAI,EAAEH,2BAAU,CAACK,WAAW;cAC5BD,OAAO;YACT,CAAC,CAAC;UAAC;UAAA;YAAA;QAAA;MAAA;IAAA;EAAA,CAEN;EAAA,gBAdYZ,KAAK;IAAA;EAAA;AAAA,GAcjB;;AAED;AACA;AACA;AACA;AACA;AACA;AALA;AAMO,IAAMc,YAAY;EAAA,0FAAG,kBAAOb,GAAG,EAAEC,GAAG,EAAEC,IAAI;IAAA;IAAA;MAAA;QAAA;UAAA;YAAA;YAAA;YAAA,OAE1BC,WAAW,CAACU,YAAY,CAACb,GAAG,CAACI,IAAI,CAAC;UAAA;YAA/CC,IAAI;YACVJ,GAAG,CAACK,MAAM,CAACC,2BAAU,CAACO,OAAO,CAAC,CAACL,IAAI,CAAC;cAClCC,IAAI,EAAEH,2BAAU,CAACO,OAAO;cACxBT,IAAI,EAAEA,IAAI;cACVM,OAAO,EAAE;YACX,CAAC,CAAC;YAAC;YAAA;UAAA;YAAA;YAAA;YAEHT,IAAI,cAAO;UAAC;UAAA;YAAA;QAAA;MAAA;IAAA;EAAA,CAEf;EAAA,gBAXYW,YAAY;IAAA;EAAA;AAAA,GAWxB;;AAED;AACA;AACA;AACA;AACA;AACA;AALA;AAMO,IAAME,cAAc;EAAA,0FAAG,kBAAOf,GAAG,EAAEC,GAAG,EAAEC,IAAI;IAAA;IAAA;MAAA;QAAA;UAAA;YAAA;YAAA;YAAA,OAE5BC,WAAW,CAACY,cAAc,CAACf,GAAG,CAACI,IAAI,CAAC;UAAA;YAAjDC,IAAI;YACVJ,GAAG,CAACK,MAAM,CAACC,2BAAU,CAACO,OAAO,CAAC,CAACL,IAAI,CAAC;cAClCC,IAAI,EAAEH,2BAAU,CAACO,OAAO;cACxBT,IAAI,EAAEA,IAAI;cACVM,OAAO,EAAE;YACX,CAAC,CAAC;YAAC;YAAA;UAAA;YAAA;YAAA;YAEHT,IAAI,cAAO;UAAC;UAAA;YAAA;QAAA;MAAA;IAAA;EAAA,CAEf;EAAA,gBAXYa,cAAc;IAAA;EAAA;AAAA,GAW1B;;AAED;AACA;AACA;AACA;AACA;AACA;AALA;AAMO,IAAMC,aAAa;EAAA,0FAAG,kBAAOhB,GAAG,EAAEC,GAAG,EAAEC,IAAI;IAAA;IAAA;MAAA;QAAA;UAAA;YAAA;YAAA;YAAA,OAE3BC,WAAW,CAACa,aAAa,CAAChB,GAAG,CAACI,IAAI,CAAC;UAAA;YAAhDC,IAAI;YACVJ,GAAG,CAACK,MAAM,CAACC,2BAAU,CAACO,OAAO,CAAC,CAACL,IAAI,CAAC;cAClCC,IAAI,EAAEH,2BAAU,CAACO,OAAO;cACxBT,IAAI,EAAEA,IAAI;cACVM,OAAO,EAAE;YACX,CAAC,CAAC;YAAC;YAAA;UAAA;YAAA;YAAA;YAEHT,IAAI,cAAO;UAAC;UAAA;YAAA;QAAA;MAAA;IAAA;EAAA,CAEf;EAAA,gBAXYc,aAAa;IAAA;EAAA;AAAA,GAWzB;AAAC"},"_coverageSchema":"1a1c01bbd47fc00a2c39e90264f33305004495a9","hash":"346a039e6d645ded153d1c5f4eec490992dcf579","contentHash":"475d7dd3b8e4c2287f5f2d36cb0d82bc791c725d68b6694c67c63ed07fbbcb99"},"C:\\Users\\darsh\\Desktop\\CFP -NodeJs\\FundooNotes\\FundooApp\\src\\services\\user.service.js":{"path":"C:\\Users\\darsh\\Desktop\\CFP -NodeJs\\FundooNotes\\FundooApp\\src\\services\\user.service.js","statementMap":{"0":{"start":{"line":3,"column":29},"end":{"line":3,"column":84}},"1":{"start":{"line":4,"column":0},"end":{"line":6,"column":3}},"2":{"start":{"line":7,"column":0},"end":{"line":7,"column":95}},"3":{"start":{"line":8,"column":19},"end":{"line":8,"column":80}},"4":{"start":{"line":9,"column":25},"end":{"line":9,"column":99}},"5":{"start":{"line":10,"column":12},"end":{"line":10,"column":67}},"6":{"start":{"line":11,"column":14},"end":{"line":11,"column":55}},"7":{"start":{"line":12,"column":14},"end":{"line":12,"column":55}},"8":{"start":{"line":13,"column":20},"end":{"line":13,"column":67}},"9":{"start":{"line":14,"column":17},"end":{"line":14,"column":62}},"10":{"start":{"line":15,"column":0},"end":{"line":15,"column":28}},"11":{"start":{"line":17,"column":25},"end":{"line":64,"column":3}},"12":{"start":{"line":18,"column":13},"end":{"line":60,"column":5}},"13":{"start":{"line":20,"column":4},"end":{"line":59,"column":16}},"14":{"start":{"line":21,"column":6},"end":{"line":58,"column":7}},"15":{"start":{"line":22,"column":8},"end":{"line":57,"column":9}},"16":{"start":{"line":24,"column":12},"end":{"line":24,"column":30}},"17":{"start":{"line":25,"column":12},"end":{"line":27,"column":15}},"18":{"start":{"line":29,"column":12},"end":{"line":29,"column":33}},"19":{"start":{"line":30,"column":12},"end":{"line":33,"column":13}},"20":{"start":{"line":31,"column":14},"end":{"line":31,"column":33}},"21":{"start":{"line":32,"column":14},"end":{"line":32,"column":20}},"22":{"start":{"line":34,"column":12},"end":{"line":34,"column":30}},"23":{"start":{"line":35,"column":12},"end":{"line":35,"column":76}},"24":{"start":{"line":37,"column":12},"end":{"line":37,"column":35}},"25":{"start":{"line":38,"column":12},"end":{"line":41,"column":13}},"26":{"start":{"line":39,"column":14},"end":{"line":39,"column":33}},"27":{"start":{"line":40,"column":14},"end":{"line":40,"column":20}},"28":{"start":{"line":42,"column":12},"end":{"line":45,"column":39}},"29":{"start":{"line":46,"column":12},"end":{"line":46,"column":52}},"30":{"start":{"line":48,"column":12},"end":{"line":48,"column":48}},"31":{"start":{"line":50,"column":12},"end":{"line":50,"column":31}},"32":{"start":{"line":51,"column":12},"end":{"line":51,"column":18}},"33":{"start":{"line":53,"column":12},"end":{"line":53,"column":45}},"34":{"start":{"line":56,"column":12},"end":{"line":56,"column":35}},"35":{"start":{"line":61,"column":2},"end":{"line":63,"column":4}},"36":{"start":{"line":62,"column":4},"end":{"line":62,"column":39}},"37":{"start":{"line":67,"column":0},"end":{"line":67,"column":22}},"38":{"start":{"line":68,"column":32},"end":{"line":96,"column":3}},"39":{"start":{"line":69,"column":14},"end":{"line":92,"column":5}},"40":{"start":{"line":71,"column":4},"end":{"line":91,"column":17}},"41":{"start":{"line":72,"column":6},"end":{"line":90,"column":7}},"42":{"start":{"line":73,"column":8},"end":{"line":89,"column":9}},"43":{"start":{"line":75,"column":12},"end":{"line":75,"column":28}},"44":{"start":{"line":76,"column":12},"end":{"line":76,"column":31}},"45":{"start":{"line":77,"column":12},"end":{"line":77,"column":70}},"46":{"start":{"line":79,"column":12},"end":{"line":79,"column":42}},"47":{"start":{"line":80,"column":12},"end":{"line":80,"column":41}},"48":{"start":{"line":81,"column":12},"end":{"line":81,"column":31}},"49":{"start":{"line":82,"column":12},"end":{"line":82,"column":49}},"50":{"start":{"line":84,"column":12},"end":{"line":84,"column":34}},"51":{"start":{"line":85,"column":12},"end":{"line":85,"column":52}},"52":{"start":{"line":88,"column":12},"end":{"line":88,"column":36}},"53":{"start":{"line":93,"column":2},"end":{"line":95,"column":4}},"54":{"start":{"line":94,"column":4},"end":{"line":94,"column":40}},"55":{"start":{"line":99,"column":0},"end":{"line":99,"column":36}},"56":{"start":{"line":100,"column":34},"end":{"line":135,"column":3}},"57":{"start":{"line":101,"column":14},"end":{"line":131,"column":5}},"58":{"start":{"line":103,"column":4},"end":{"line":130,"column":17}},"59":{"start":{"line":104,"column":6},"end":{"line":129,"column":7}},"60":{"start":{"line":105,"column":8},"end":{"line":128,"column":9}},"61":{"start":{"line":107,"column":12},"end":{"line":107,"column":31}},"62":{"start":{"line":108,"column":12},"end":{"line":110,"column":15}},"63":{"start":{"line":112,"column":12},"end":{"line":112,"column":34}},"64":{"start":{"line":113,"column":12},"end":{"line":116,"column":13}},"65":{"start":{"line":114,"column":14},"end":{"line":114,"column":33}},"66":{"start":{"line":115,"column":14},"end":{"line":115,"column":20}},"67":{"start":{"line":117,"column":12},"end":{"line":120,"column":45}},"68":{"start":{"line":121,"column":12},"end":{"line":121,"column":56}},"69":{"start":{"line":122,"column":12},"end":{"line":122,"column":46}},"70":{"start":{"line":124,"column":12},"end":{"line":124,"column":45}},"71":{"start":{"line":127,"column":12},"end":{"line":127,"column":36}},"72":{"start":{"line":132,"column":2},"end":{"line":134,"column":4}},"73":{"start":{"line":133,"column":4},"end":{"line":133,"column":40}},"74":{"start":{"line":138,"column":0},"end":{"line":138,"column":40}},"75":{"start":{"line":139,"column":33},"end":{"line":172,"column":3}},"76":{"start":{"line":140,"column":14},"end":{"line":168,"column":5}},"77":{"start":{"line":142,"column":4},"end":{"line":167,"column":17}},"78":{"start":{"line":143,"column":6},"end":{"line":166,"column":7}},"79":{"start":{"line":144,"column":8},"end":{"line":165,"column":9}},"80":{"start":{"line":146,"column":12},"end":{"line":146,"column":28}},"81":{"start":{"line":147,"column":12},"end":{"line":147,"column":31}},"82":{"start":{"line":148,"column":12},"end":{"line":148,"column":70}},"83":{"start":{"line":150,"column":12},"end":{"line":150,"column":42}},"84":{"start":{"line":151,"column":12},"end":{"line":151,"column":41}},"85":{"start":{"line":152,"column":12},"end":{"line":152,"column":31}},"86":{"start":{"line":153,"column":12},"end":{"line":158,"column":15}},"87":{"start":{"line":160,"column":12},"end":{"line":160,"column":34}},"88":{"start":{"line":161,"column":12},"end":{"line":161,"column":52}},"89":{"start":{"line":164,"column":12},"end":{"line":164,"column":36}},"90":{"start":{"line":169,"column":2},"end":{"line":171,"column":4}},"91":{"start":{"line":170,"column":4},"end":{"line":170,"column":40}},"92":{"start":{"line":173,"column":0},"end":{"line":173,"column":38}}},"fnMap":{"0":{"name":"(anonymous_0)","decl":{"start":{"line":17,"column":25},"end":{"line":17,"column":26}},"loc":{"start":{"line":17,"column":37},"end":{"line":64,"column":1}},"line":17},"1":{"name":"_callee","decl":{"start":{"line":18,"column":100},"end":{"line":18,"column":107}},"loc":{"start":{"line":18,"column":114},"end":{"line":60,"column":3}},"line":18},"2":{"name":"_callee$","decl":{"start":{"line":20,"column":49},"end":{"line":20,"column":57}},"loc":{"start":{"line":20,"column":68},"end":{"line":59,"column":5}},"line":20},"3":{"name":"login","decl":{"start":{"line":61,"column":18},"end":{"line":61,"column":23}},"loc":{"start":{"line":61,"column":28},"end":{"line":63,"column":3}},"line":61},"4":{"name":"(anonymous_4)","decl":{"start":{"line":68,"column":32},"end":{"line":68,"column":33}},"loc":{"start":{"line":68,"column":44},"end":{"line":96,"column":1}},"line":68},"5":{"name":"_callee2","decl":{"start":{"line":69,"column":101},"end":{"line":69,"column":109}},"loc":{"start":{"line":69,"column":116},"end":{"line":92,"column":3}},"line":69},"6":{"name":"_callee2$","decl":{"start":{"line":71,"column":49},"end":{"line":71,"column":58}},"loc":{"start":{"line":71,"column":70},"end":{"line":91,"column":5}},"line":71},"7":{"name":"registerUser","decl":{"start":{"line":93,"column":18},"end":{"line":93,"column":30}},"loc":{"start":{"line":93,"column":36},"end":{"line":95,"column":3}},"line":93},"8":{"name":"(anonymous_8)","decl":{"start":{"line":100,"column":34},"end":{"line":100,"column":35}},"loc":{"start":{"line":100,"column":46},"end":{"line":135,"column":1}},"line":100},"9":{"name":"_callee3","decl":{"start":{"line":101,"column":101},"end":{"line":101,"column":109}},"loc":{"start":{"line":101,"column":116},"end":{"line":131,"column":3}},"line":101},"10":{"name":"_callee3$","decl":{"start":{"line":103,"column":49},"end":{"line":103,"column":58}},"loc":{"start":{"line":103,"column":70},"end":{"line":130,"column":5}},"line":103},"11":{"name":"forgotPassword","decl":{"start":{"line":132,"column":18},"end":{"line":132,"column":32}},"loc":{"start":{"line":132,"column":38},"end":{"line":134,"column":3}},"line":132},"12":{"name":"(anonymous_12)","decl":{"start":{"line":139,"column":33},"end":{"line":139,"column":34}},"loc":{"start":{"line":139,"column":45},"end":{"line":172,"column":1}},"line":139},"13":{"name":"_callee4","decl":{"start":{"line":140,"column":101},"end":{"line":140,"column":109}},"loc":{"start":{"line":140,"column":116},"end":{"line":168,"column":3}},"line":140},"14":{"name":"_callee4$","decl":{"start":{"line":142,"column":49},"end":{"line":142,"column":58}},"loc":{"start":{"line":142,"column":70},"end":{"line":167,"column":5}},"line":142},"15":{"name":"resetPassword","decl":{"start":{"line":169,"column":18},"end":{"line":169,"column":31}},"loc":{"start":{"line":169,"column":37},"end":{"line":171,"column":3}},"line":169}},"branchMap":{"0":{"loc":{"start":{"line":22,"column":8},"end":{"line":57,"column":9}},"type":"switch","locations":[{"start":{"line":23,"column":10},"end":{"line":27,"column":15}},{"start":{"line":28,"column":10},"end":{"line":35,"column":76}},{"start":{"line":36,"column":10},"end":{"line":46,"column":52}},{"start":{"line":47,"column":10},"end":{"line":48,"column":48}},{"start":{"line":49,"column":10},"end":{"line":51,"column":18}},{"start":{"line":52,"column":10},"end":{"line":53,"column":45}},{"start":{"line":54,"column":10},"end":{"line":54,"column":18}},{"start":{"line":55,"column":10},"end":{"line":56,"column":35}}],"line":22},"1":{"loc":{"start":{"line":30,"column":12},"end":{"line":33,"column":13}},"type":"if","locations":[{"start":{"line":30,"column":12},"end":{"line":33,"column":13}},{"start":{"line":30,"column":12},"end":{"line":33,"column":13}}],"line":30},"2":{"loc":{"start":{"line":38,"column":12},"end":{"line":41,"column":13}},"type":"if","locations":[{"start":{"line":38,"column":12},"end":{"line":41,"column":13}},{"start":{"line":38,"column":12},"end":{"line":41,"column":13}}],"line":38},"3":{"loc":{"start":{"line":73,"column":8},"end":{"line":89,"column":9}},"type":"switch","locations":[{"start":{"line":74,"column":10},"end":{"line":77,"column":70}},{"start":{"line":78,"column":10},"end":{"line":82,"column":49}},{"start":{"line":83,"column":10},"end":{"line":85,"column":52}},{"start":{"line":86,"column":10},"end":{"line":86,"column":17}},{"start":{"line":87,"column":10},"end":{"line":88,"column":36}}],"line":73},"4":{"loc":{"start":{"line":105,"column":8},"end":{"line":128,"column":9}},"type":"switch","locations":[{"start":{"line":106,"column":10},"end":{"line":110,"column":15}},{"start":{"line":111,"column":10},"end":{"line":122,"column":46}},{"start":{"line":123,"column":10},"end":{"line":124,"column":45}},{"start":{"line":125,"column":10},"end":{"line":125,"column":18}},{"start":{"line":126,"column":10},"end":{"line":127,"column":36}}],"line":105},"5":{"loc":{"start":{"line":113,"column":12},"end":{"line":116,"column":13}},"type":"if","locations":[{"start":{"line":113,"column":12},"end":{"line":116,"column":13}},{"start":{"line":113,"column":12},"end":{"line":116,"column":13}}],"line":113},"6":{"loc":{"start":{"line":144,"column":8},"end":{"line":165,"column":9}},"type":"switch","locations":[{"start":{"line":145,"column":10},"end":{"line":148,"column":70}},{"start":{"line":149,"column":10},"end":{"line":158,"column":15}},{"start":{"line":159,"column":10},"end":{"line":161,"column":52}},{"start":{"line":162,"column":10},"end":{"line":162,"column":17}},{"start":{"line":163,"column":10},"end":{"line":164,"column":36}}],"line":144}},"s":{"0":1,"1":1,"2":1,"3":1,"4":1,"5":1,"6":1,"7":1,"8":1,"9":1,"10":1,"11":1,"12":1,"13":2,"14":8,"15":9,"16":2,"17":2,"18":2,"19":2,"20":0,"21":0,"22":2,"23":2,"24":2,"25":2,"26":1,"27":1,"28":1,"29":1,"30":1,"31":0,"32":0,"33":0,"34":2,"35":1,"36":2,"37":1,"38":1,"39":1,"40":1,"41":4,"42":4,"43":1,"44":1,"45":1,"46":1,"47":1,"48":1,"49":1,"50":1,"51":1,"52":1,"53":1,"54":1,"55":1,"56":1,"57":1,"58":0,"59":0,"60":0,"61":0,"62":0,"63":0,"64":0,"65":0,"66":0,"67":0,"68":0,"69":0,"70":0,"71":0,"72":1,"73":0,"74":1,"75":1,"76":1,"77":0,"78":0,"79":0,"80":0,"81":0,"82":0,"83":0,"84":0,"85":0,"86":0,"87":0,"88":0,"89":0,"90":1,"91":0,"92":1},"f":{"0":1,"1":2,"2":8,"3":2,"4":1,"5":1,"6":4,"7":1,"8":1,"9":0,"10":0,"11":0,"12":1,"13":0,"14":0,"15":0},"b":{"0":[2,2,2,1,0,0,0,2],"1":[0,2],"2":[1,1],"3":[1,1,1,0,1],"4":[0,0,0,0,0],"5":[0,0],"6":[0,0,0,0,0]},"inputSourceMap":{"version":3,"names":["dotenv","config","login","body","User","findOne","email","data","bcrypt","compare","password","result","token","jwt","sign","id","_id","process","env","SECRET_KEY","Error","registerUser","saltRounds","hash","hashPassword","create","forgotPassword","SECRET_KEY_RESET","sendMail","resetPassword","findByIdAndUpdate"],"sourceRoot":"C:\\Users\\darsh\\Desktop\\CFP -NodeJs\\FundooNotes\\FundooApp\\src\\services\\","sources":["user.service.js"],"sourcesContent":["import User from '../models/user.model';\r\nimport bcrypt from 'bcrypt';\r\nimport dotenv from 'dotenv';\r\ndotenv.config();\r\nimport jwt from 'jsonwebtoken';\r\n\r\nimport { sendMail } from '../mailservice/user.reset.password';\r\n\r\n//login user\r\nexport const login = async (body) => {\r\n  const data = await User.findOne({ email: body.email });\r\n  if (data !== null) {\r\n    const result = await bcrypt.compare(body.password, data.password);\r\n    if (result) {\r\n      var token = jwt.sign(\r\n        { email: data.email, id: data._id },\r\n        process.env.SECRET_KEY\r\n      );\r\n      return token;\r\n    } else {\r\n      throw new Error('invalid password');\r\n    }\r\n  } else {\r\n    throw new Error('invalid email');\r\n  }\r\n};\r\n\r\n//register a new user\r\nexport const registerUser = async (body) => {\r\n  const saltRounds = 10;\r\n  const hashPassword = await bcrypt.hash(body.password, saltRounds);\r\n  body.password = hashPassword;\r\n  const data = await User.create(body);\r\n  return data;\r\n};\r\n\r\n//forgot password\r\n\r\nexport const forgotPassword = async (body) => {\r\n  const data = await User.findOne({ email: body.email });\r\n  if (data !== null) {\r\n    let token = jwt.sign(\r\n      { email: data.email, id: data._id },\r\n      process.env.SECRET_KEY_RESET\r\n    );\r\n\r\n    sendMail(body.email, token);\r\n    return;\r\n  } else {\r\n    throw new Error('invalid email');\r\n  }\r\n};\r\n\r\n//update reset password\r\nexport const resetPassword = async (body) => {\r\n  const saltRounds = 10;\r\n  const hashPassword = await bcrypt.hash(body.password, saltRounds);\r\n  body.password = hashPassword;\r\n  const data = await User.findByIdAndUpdate(\r\n    { _id: body.id, email: body.email },\r\n    body,\r\n    {\r\n      new: true\r\n    }\r\n  );\r\n  return data;\r\n};\r\n"],"mappings":";;;;;;;;;AAAA;AACA;AACA;AAEA;AAEA;AAHAA,kBAAM,CAACC,MAAM,EAAE;AAKf;AACO,IAAMC,KAAK;EAAA,yFAAG,iBAAOC,IAAI;IAAA;IAAA;MAAA;QAAA;UAAA;YAAA;YAAA,OACXC,gBAAI,CAACC,OAAO,CAAC;cAAEC,KAAK,EAAEH,IAAI,CAACG;YAAM,CAAC,CAAC;UAAA;YAAhDC,IAAI;YAAA,MACNA,IAAI,KAAK,IAAI;cAAA;cAAA;YAAA;YAAA;YAAA,OACMC,kBAAM,CAACC,OAAO,CAACN,IAAI,CAACO,QAAQ,EAAEH,IAAI,CAACG,QAAQ,CAAC;UAAA;YAA3DC,MAAM;YAAA,KACRA,MAAM;cAAA;cAAA;YAAA;YACJC,KAAK,GAAGC,wBAAG,CAACC,IAAI,CAClB;cAAER,KAAK,EAAEC,IAAI,CAACD,KAAK;cAAES,EAAE,EAAER,IAAI,CAACS;YAAI,CAAC,EACnCC,OAAO,CAACC,GAAG,CAACC,UAAU,CACvB;YAAA,iCACMP,KAAK;UAAA;YAAA,MAEN,IAAIQ,KAAK,CAAC,kBAAkB,CAAC;UAAA;YAAA;YAAA;UAAA;YAAA,MAG/B,IAAIA,KAAK,CAAC,eAAe,CAAC;UAAA;UAAA;YAAA;QAAA;MAAA;IAAA;EAAA,CAEnC;EAAA,gBAhBYlB,KAAK;IAAA;EAAA;AAAA,GAgBjB;;AAED;AAAA;AACO,IAAMmB,YAAY;EAAA,0FAAG,kBAAOlB,IAAI;IAAA;IAAA;MAAA;QAAA;UAAA;YAC/BmB,UAAU,GAAG,EAAE;YAAA;YAAA,OACMd,kBAAM,CAACe,IAAI,CAACpB,IAAI,CAACO,QAAQ,EAAEY,UAAU,CAAC;UAAA;YAA3DE,YAAY;YAClBrB,IAAI,CAACO,QAAQ,GAAGc,YAAY;YAAC;YAAA,OACVpB,gBAAI,CAACqB,MAAM,CAACtB,IAAI,CAAC;UAAA;YAA9BI,IAAI;YAAA,kCACHA,IAAI;UAAA;UAAA;YAAA;QAAA;MAAA;IAAA;EAAA,CACZ;EAAA,gBANYc,YAAY;IAAA;EAAA;AAAA,GAMxB;;AAED;AAAA;AAEO,IAAMK,cAAc;EAAA,0FAAG,kBAAOvB,IAAI;IAAA;IAAA;MAAA;QAAA;UAAA;YAAA;YAAA,OACpBC,gBAAI,CAACC,OAAO,CAAC;cAAEC,KAAK,EAAEH,IAAI,CAACG;YAAM,CAAC,CAAC;UAAA;YAAhDC,IAAI;YAAA,MACNA,IAAI,KAAK,IAAI;cAAA;cAAA;YAAA;YACXK,KAAK,GAAGC,wBAAG,CAACC,IAAI,CAClB;cAAER,KAAK,EAAEC,IAAI,CAACD,KAAK;cAAES,EAAE,EAAER,IAAI,CAACS;YAAI,CAAC,EACnCC,OAAO,CAACC,GAAG,CAACS,gBAAgB,CAC7B;YAED,IAAAC,mBAAQ,EAACzB,IAAI,CAACG,KAAK,EAAEM,KAAK,CAAC;YAAC;UAAA;YAAA,MAGtB,IAAIQ,KAAK,CAAC,eAAe,CAAC;UAAA;UAAA;YAAA;QAAA;MAAA;IAAA;EAAA,CAEnC;EAAA,gBAbYM,cAAc;IAAA;EAAA;AAAA,GAa1B;;AAED;AAAA;AACO,IAAMG,aAAa;EAAA,0FAAG,kBAAO1B,IAAI;IAAA;IAAA;MAAA;QAAA;UAAA;YAChCmB,UAAU,GAAG,EAAE;YAAA;YAAA,OACMd,kBAAM,CAACe,IAAI,CAACpB,IAAI,CAACO,QAAQ,EAAEY,UAAU,CAAC;UAAA;YAA3DE,YAAY;YAClBrB,IAAI,CAACO,QAAQ,GAAGc,YAAY;YAAC;YAAA,OACVpB,gBAAI,CAAC0B,iBAAiB,CACvC;cAAEd,GAAG,EAAEb,IAAI,CAACY,EAAE;cAAET,KAAK,EAAEH,IAAI,CAACG;YAAM,CAAC,EACnCH,IAAI,EACJ;cACE,OAAK;YACP,CAAC,CACF;UAAA;YANKI,IAAI;YAAA,kCAOHA,IAAI;UAAA;UAAA;YAAA;QAAA;MAAA;IAAA;EAAA,CACZ;EAAA,gBAZYsB,aAAa;IAAA;EAAA;AAAA,GAYzB;AAAC"},"_coverageSchema":"1a1c01bbd47fc00a2c39e90264f33305004495a9","hash":"2472a6f95d4649d739325b11a22112dc2a40b3b2","contentHash":"68fc8178fedda9164c5a0430f555b277afbd9be240ac13920dd7fce55b4be1cd"},"C:\\Users\\darsh\\Desktop\\CFP -NodeJs\\FundooNotes\\FundooApp\\src\\models\\user.model.js":{"path":"C:\\Users\\darsh\\Desktop\\CFP -NodeJs\\FundooNotes\\FundooApp\\src\\models\\user.model.js","statementMap":{"0":{"start":{"line":3,"column":0},"end":{"line":5,"column":3}},"1":{"start":{"line":6,"column":0},"end":{"line":6,"column":28}},"2":{"start":{"line":7,"column":16},"end":{"line":7,"column":35}},"3":{"start":{"line":8,"column":17},"end":{"line":25,"column":2}},"4":{"start":{"line":26,"column":15},"end":{"line":26,"column":55}},"5":{"start":{"line":27,"column":0},"end":{"line":27,"column":30}}},"fnMap":{},"branchMap":{},"s":{"0":1,"1":1,"2":1,"3":1,"4":1,"5":1},"f":{},"b":{},"inputSourceMap":{"version":3,"names":["userSchema","Schema","firstname","type","String","required","lastname","email","password","timestamps","model"],"sourceRoot":"C:\\Users\\darsh\\Desktop\\CFP -NodeJs\\FundooNotes\\FundooApp\\src\\models\\","sources":["user.model.js"],"sourcesContent":["import { Schema, model } from 'mongoose';\n\nconst userSchema = new Schema(\n  {\n    firstname: {\n      type: String,\n      required: true\n    },\n    lastname: {\n      type: String,\n      required: true\n    },\n    email: {\n      type: String\n    },\n    password: {\n      type: String\n    }\n  },\n  {\n    timestamps: true\n  }\n);\n\nexport default model('User', userSchema);\n"],"mappings":";;;;;;AAAA;AAEA,IAAMA,UAAU,GAAG,IAAIC,gBAAM,CAC3B;EACEC,SAAS,EAAE;IACTC,IAAI,EAAEC,MAAM;IACZC,QAAQ,EAAE;EACZ,CAAC;EACDC,QAAQ,EAAE;IACRH,IAAI,EAAEC,MAAM;IACZC,QAAQ,EAAE;EACZ,CAAC;EACDE,KAAK,EAAE;IACLJ,IAAI,EAAEC;EACR,CAAC;EACDI,QAAQ,EAAE;IACRL,IAAI,EAAEC;EACR;AACF,CAAC,EACD;EACEK,UAAU,EAAE;AACd,CAAC,CACF;AAAC,eAEa,IAAAC,eAAK,EAAC,MAAM,EAAEV,UAAU,CAAC;AAAA"},"_coverageSchema":"1a1c01bbd47fc00a2c39e90264f33305004495a9","hash":"93ed63b7c65d1fb6a28b90ae2c37e9298faf8366","contentHash":"9e77c92b0199f6400f77a67be2e48114e5b2838a274ec6a9124dd85e81ffe6e7"},"C:\\Users\\darsh\\Desktop\\CFP -NodeJs\\FundooNotes\\FundooApp\\src\\mailservice\\user.reset.password.js":{"path":"C:\\Users\\darsh\\Desktop\\CFP -NodeJs\\FundooNotes\\FundooApp\\src\\mailservice\\user.reset.password.js","statementMap":{"0":{"start":{"line":3,"column":29},"end":{"line":3,"column":84}},"1":{"start":{"line":4,"column":0},"end":{"line":6,"column":3}},"2":{"start":{"line":7,"column":0},"end":{"line":7,"column":28}},"3":{"start":{"line":8,"column":19},"end":{"line":8,"column":80}},"4":{"start":{"line":9,"column":25},"end":{"line":9,"column":99}},"5":{"start":{"line":10,"column":17},"end":{"line":10,"column":38}},"6":{"start":{"line":11,"column":15},"end":{"line":11,"column":36}},"7":{"start":{"line":12,"column":11},"end":{"line":12,"column":26}},"8":{"start":{"line":13,"column":16},"end":{"line":13,"column":90}},"9":{"start":{"line":14,"column":20},"end":{"line":14,"column":57}},"10":{"start":{"line":15,"column":19},"end":{"line":15,"column":66}},"11":{"start":{"line":16,"column":20},"end":{"line":16,"column":125}},"12":{"start":{"line":17,"column":19},"end":{"line":17,"column":81}},"13":{"start":{"line":18,"column":0},"end":{"line":20,"column":3}},"14":{"start":{"line":22,"column":2},"end":{"line":22,"column":42}},"15":{"start":{"line":25,"column":2},"end":{"line":69,"column":6}},"16":{"start":{"line":27,"column":4},"end":{"line":68,"column":33}},"17":{"start":{"line":28,"column":6},"end":{"line":67,"column":7}},"18":{"start":{"line":29,"column":8},"end":{"line":66,"column":9}},"19":{"start":{"line":31,"column":12},"end":{"line":31,"column":30}},"20":{"start":{"line":32,"column":12},"end":{"line":32,"column":30}},"21":{"start":{"line":33,"column":12},"end":{"line":33,"column":49}},"22":{"start":{"line":35,"column":12},"end":{"line":35,"column":41}},"23":{"start":{"line":36,"column":12},"end":{"line":46,"column":15}},"24":{"start":{"line":47,"column":12},"end":{"line":47,"column":82}},"25":{"start":{"line":48,"column":12},"end":{"line":48,"column":146}},"26":{"start":{"line":49,"column":12},"end":{"line":54,"column":14}},"27":{"start":{"line":55,"column":12},"end":{"line":55,"column":31}},"28":{"start":{"line":56,"column":12},"end":{"line":56,"column":51}},"29":{"start":{"line":58,"column":12},"end":{"line":58,"column":44}},"30":{"start":{"line":59,"column":12},"end":{"line":59,"column":62}},"31":{"start":{"line":61,"column":12},"end":{"line":61,"column":31}},"32":{"start":{"line":62,"column":12},"end":{"line":62,"column":47}},"33":{"start":{"line":65,"column":12},"end":{"line":65,"column":35}},"34":{"start":{"line":70,"column":2},"end":{"line":70,"column":42}}},"fnMap":{"0":{"name":"sendMail","decl":{"start":{"line":21,"column":9},"end":{"line":21,"column":17}},"loc":{"start":{"line":21,"column":27},"end":{"line":23,"column":1}},"line":21},"1":{"name":"_sendMail","decl":{"start":{"line":24,"column":9},"end":{"line":24,"column":18}},"loc":{"start":{"line":24,"column":21},"end":{"line":71,"column":1}},"line":24},"2":{"name":"_callee","decl":{"start":{"line":25,"column":101},"end":{"line":25,"column":108}},"loc":{"start":{"line":25,"column":132},"end":{"line":69,"column":3}},"line":25},"3":{"name":"_callee$","decl":{"start":{"line":27,"column":49},"end":{"line":27,"column":57}},"loc":{"start":{"line":27,"column":68},"end":{"line":68,"column":5}},"line":27}},"branchMap":{"0":{"loc":{"start":{"line":29,"column":8},"end":{"line":66,"column":9}},"type":"switch","locations":[{"start":{"line":30,"column":10},"end":{"line":33,"column":49}},{"start":{"line":34,"column":10},"end":{"line":56,"column":51}},{"start":{"line":57,"column":10},"end":{"line":59,"column":62}},{"start":{"line":60,"column":10},"end":{"line":62,"column":47}},{"start":{"line":63,"column":10},"end":{"line":63,"column":18}},{"start":{"line":64,"column":10},"end":{"line":65,"column":35}}],"line":29}},"s":{"0":1,"1":1,"2":1,"3":1,"4":1,"5":1,"6":1,"7":1,"8":1,"9":1,"10":1,"11":1,"12":1,"13":1,"14":0,"15":0,"16":0,"17":0,"18":0,"19":0,"20":0,"21":0,"22":0,"23":0,"24":0,"25":0,"26":0,"27":0,"28":0,"29":0,"30":0,"31":0,"32":0,"33":0,"34":0},"f":{"0":0,"1":0,"2":0,"3":0},"b":{"0":[0,0,0,0,0,0]},"inputSourceMap":{"version":3,"names":["nodemailer","require","google","CLIENT_ID","CLIENT_SECRET","REDIRECT_URI","REFRESH_TOKEN","OAuth2Client","auth","OAuth2","setCredentials","refresh_token","sendMail","requestorEmail","token","getAccessToken","acceessToken","transport","createTransport","service","type","user","clientId","clientSecret","refreshToken","accessToken","RESET_URL","PASSWORD_RESET_HTML","mailOptions","from","to","subject","text","sentMailDetails"],"sourceRoot":"C:\\Users\\darsh\\Desktop\\CFP -NodeJs\\FundooNotes\\FundooApp\\src\\mailservice\\","sources":["user.reset.password.js"],"sourcesContent":["const nodemailer = require('nodemailer');\r\nconst { google } = require('googleapis');\r\n\r\nconst CLIENT_ID =\r\n  '653847463940-0aunthtatkgv5dfpvrkas6tqq3f0vase.apps.googleusercontent.com';\r\nconst CLIENT_SECRET = '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';\r\nconst REDIRECT_URI = 'https://developers.google.com/oauthplayground';\r\nconst REFRESH_TOKEN =\r\n  '1//04dztRMvtRoHVCgYIARAAGAQSNwF-L9IrQ17QPTVuHZhWNVx1iJASdNuetQa95hagqXuDXHWhvzAKjyEocvJQ-0ZhtKlnWxz44J8';\r\n\r\nconst OAuth2Client = new google.auth.OAuth2(\r\n  CLIENT_ID,\r\n  CLIENT_SECRET,\r\n  REDIRECT_URI\r\n);\r\n\r\nOAuth2Client.setCredentials({ refresh_token: REFRESH_TOKEN });\r\n\r\nexport async function sendMail(requestorEmail, token) {\r\n  try {\r\n    const acceessToken = await OAuth2Client.getAccessToken();\r\n    const transport = nodemailer.createTransport({\r\n      service: 'gmail',\r\n      auth: {\r\n        type: 'OAUTH2',\r\n        user: 'darshandyp@gmail.com',\r\n        clientId: CLIENT_ID,\r\n        clientSecret: CLIENT_SECRET,\r\n        refreshToken: REFRESH_TOKEN,\r\n        accessToken: acceessToken\r\n      }\r\n    });\r\n    let RESET_URL = `http://localhost:3000/api/v1/users/reset/${token}`;\r\n    let PASSWORD_RESET_HTML = `<h2>Please click on the link to reset your password, <a href=${RESET_URL}> Reset Password</a> </h2>`;\r\n    const mailOptions = {\r\n      from: 'DARSHAN_D<darshandyp@gmail.com>',\r\n      to: requestorEmail,\r\n      subject: 'url for reset password reset',\r\n      text: PASSWORD_RESET_HTML\r\n    };\r\n\r\n    const sentMailDetails = await transport.sendMail(mailOptions);\r\n\r\n    return sentMailDetails;\r\n  } catch (error) {}\r\n}\r\n"],"mappings":";;;;;;;;;AAAA,IAAMA,UAAU,GAAGC,OAAO,CAAC,YAAY,CAAC;AACxC,eAAmBA,OAAO,CAAC,YAAY,CAAC;EAAhCC,MAAM,YAANA,MAAM;AAEd,IAAMC,SAAS,GACb,0EAA0E;AAC5E,IAAMC,aAAa,GAAG,qCAAqC;AAC3D,IAAMC,YAAY,GAAG,+CAA+C;AACpE,IAAMC,aAAa,GACjB,yGAAyG;AAE3G,IAAMC,YAAY,GAAG,IAAIL,MAAM,CAACM,IAAI,CAACC,MAAM,CACzCN,SAAS,EACTC,aAAa,EACbC,YAAY,CACb;AAEDE,YAAY,CAACG,cAAc,CAAC;EAAEC,aAAa,EAAEL;AAAc,CAAC,CAAC;AAAC,SAExCM,QAAQ;EAAA;AAAA;AAAA;EAAA,0FAAvB,iBAAwBC,cAAc,EAAEC,KAAK;IAAA;IAAA;MAAA;QAAA;UAAA;YAAA;YAAA;YAAA,OAErBP,YAAY,CAACQ,cAAc,EAAE;UAAA;YAAlDC,YAAY;YACZC,SAAS,GAAGjB,UAAU,CAACkB,eAAe,CAAC;cAC3CC,OAAO,EAAE,OAAO;cAChBX,IAAI,EAAE;gBACJY,IAAI,EAAE,QAAQ;gBACdC,IAAI,EAAE,sBAAsB;gBAC5BC,QAAQ,EAAEnB,SAAS;gBACnBoB,YAAY,EAAEnB,aAAa;gBAC3BoB,YAAY,EAAElB,aAAa;gBAC3BmB,WAAW,EAAET;cACf;YACF,CAAC,CAAC;YACEU,SAAS,sDAA+CZ,KAAK;YAC7Da,mBAAmB,0EAAmED,SAAS;YAC7FE,WAAW,GAAG;cAClBC,IAAI,EAAE,iCAAiC;cACvCC,EAAE,EAAEjB,cAAc;cAClBkB,OAAO,EAAE,8BAA8B;cACvCC,IAAI,EAAEL;YACR,CAAC;YAAA;YAAA,OAE6BV,SAAS,CAACL,QAAQ,CAACgB,WAAW,CAAC;UAAA;YAAvDK,eAAe;YAAA,iCAEdA,eAAe;UAAA;YAAA;YAAA;UAAA;UAAA;YAAA;QAAA;MAAA;IAAA;EAAA,CAEzB;EAAA;AAAA"},"_coverageSchema":"1a1c01bbd47fc00a2c39e90264f33305004495a9","hash":"dea45515a57f42c3d71ad64334a85920db577337","contentHash":"2424e1d9607f05cf9467ddc193a16f0f8a5be2f86bb040ea8e59de5b0c5fdf89"},"C:\\Users\\darsh\\Desktop\\CFP -NodeJs\\FundooNotes\\FundooApp\\src\\validators\\user.validator.js":{"path":"C:\\Users\\darsh\\Desktop\\CFP -NodeJs\\FundooNotes\\FundooApp\\src\\validators\\user.validator.js","statementMap":{"0":{"start":{"line":3,"column":29},"end":{"line":3,"column":84}},"1":{"start":{"line":4,"column":0},"end":{"line":6,"column":3}},"2":{"start":{"line":7,"column":0},"end":{"line":7,"column":64}},"3":{"start":{"line":8,"column":11},"end":{"line":8,"column":55}},"4":{"start":{"line":9,"column":23},"end":{"line":9,"column":75}},"5":{"start":{"line":10,"column":28},"end":{"line":28,"column":1}},"6":{"start":{"line":11,"column":15},"end":{"line":16,"column":4}},"7":{"start":{"line":17,"column":25},"end":{"line":17,"column":50}},"8":{"start":{"line":18,"column":12},"end":{"line":18,"column":34}},"9":{"start":{"line":19,"column":12},"end":{"line":19,"column":34}},"10":{"start":{"line":20,"column":2},"end":{"line":27,"column":3}},"11":{"start":{"line":21,"column":4},"end":{"line":24,"column":7}},"12":{"start":{"line":26,"column":4},"end":{"line":26,"column":11}},"13":{"start":{"line":29,"column":0},"end":{"line":29,"column":54}},"14":{"start":{"line":30,"column":21},"end":{"line":46,"column":1}},"15":{"start":{"line":31,"column":15},"end":{"line":34,"column":4}},"16":{"start":{"line":35,"column":26},"end":{"line":35,"column":51}},"17":{"start":{"line":36,"column":12},"end":{"line":36,"column":35}},"18":{"start":{"line":37,"column":12},"end":{"line":37,"column":35}},"19":{"start":{"line":38,"column":2},"end":{"line":45,"column":3}},"20":{"start":{"line":39,"column":4},"end":{"line":42,"column":7}},"21":{"start":{"line":44,"column":4},"end":{"line":44,"column":11}},"22":{"start":{"line":47,"column":0},"end":{"line":47,"column":40}}},"fnMap":{"0":{"name":"registerUserValidator","decl":{"start":{"line":10,"column":37},"end":{"line":10,"column":58}},"loc":{"start":{"line":10,"column":75},"end":{"line":28,"column":1}},"line":10},"1":{"name":"loginValidator","decl":{"start":{"line":30,"column":30},"end":{"line":30,"column":44}},"loc":{"start":{"line":30,"column":61},"end":{"line":46,"column":1}},"line":30}},"branchMap":{"0":{"loc":{"start":{"line":20,"column":2},"end":{"line":27,"column":3}},"type":"if","locations":[{"start":{"line":20,"column":2},"end":{"line":27,"column":3}},{"start":{"line":20,"column":2},"end":{"line":27,"column":3}}],"line":20},"1":{"loc":{"start":{"line":38,"column":2},"end":{"line":45,"column":3}},"type":"if","locations":[{"start":{"line":38,"column":2},"end":{"line":45,"column":3}},{"start":{"line":38,"column":2},"end":{"line":45,"column":3}}],"line":38}},"s":{"0":1,"1":1,"2":1,"3":1,"4":1,"5":1,"6":2,"7":2,"8":2,"9":2,"10":2,"11":1,"12":1,"13":1,"14":1,"15":2,"16":2,"17":2,"18":2,"19":2,"20":0,"21":2,"22":1},"f":{"0":2,"1":2},"b":{"0":[1,1],"1":[0,2]},"inputSourceMap":{"version":3,"names":["registerUserValidator","req","res","next","schema","Joi","object","firstname","string","min","required","lastname","password","email","lowercase","validate","body","error","value","status","HttpStatus","BAD_REQUEST","json","code","message","loginValidator"],"sourceRoot":"C:\\Users\\darsh\\Desktop\\CFP -NodeJs\\FundooNotes\\FundooApp\\src\\validators\\","sources":["user.validator.js"],"sourcesContent":["import Joi from '@hapi/joi';\nimport HttpStatus from 'http-status-codes';\n\nexport const registerUserValidator = (req, res, next) => {\n  const schema = Joi.object({\n    firstname: Joi.string().min(4).required(),\n    lastname: Joi.string().min(4).required(),\n    password: Joi.string().min(8).required(),\n    email: Joi.string().email().lowercase().required()\n  });\n  const { error, value } = schema.validate(req.body);\n  if (error) {\n    res.status(HttpStatus.BAD_REQUEST).json({\n      code: HttpStatus.BAD_REQUEST,\n      message: `${error}`\n    });\n  } else {\n    next();\n  }\n};\n\nexport const loginValidator = (req, res, next) => {\n  const schema = Joi.object({\n    password: Joi.string().min(8).required(),\n    email: Joi.string().email().lowercase().required()\n  });\n  const { error, value } = schema.validate(req.body);\n  if (error) {\n    res.status(HttpStatus.BAD_REQUEST).json({\n      code: HttpStatus.BAD_REQUEST,\n      message: `${error}`\n    });\n  } else {\n    next();\n  }\n};\n"],"mappings":";;;;;;;AAAA;AACA;AAEO,IAAMA,qBAAqB,GAAG,SAAxBA,qBAAqB,CAAIC,GAAG,EAAEC,GAAG,EAAEC,IAAI,EAAK;EACvD,IAAMC,MAAM,GAAGC,eAAG,CAACC,MAAM,CAAC;IACxBC,SAAS,EAAEF,eAAG,CAACG,MAAM,EAAE,CAACC,GAAG,CAAC,CAAC,CAAC,CAACC,QAAQ,EAAE;IACzCC,QAAQ,EAAEN,eAAG,CAACG,MAAM,EAAE,CAACC,GAAG,CAAC,CAAC,CAAC,CAACC,QAAQ,EAAE;IACxCE,QAAQ,EAAEP,eAAG,CAACG,MAAM,EAAE,CAACC,GAAG,CAAC,CAAC,CAAC,CAACC,QAAQ,EAAE;IACxCG,KAAK,EAAER,eAAG,CAACG,MAAM,EAAE,CAACK,KAAK,EAAE,CAACC,SAAS,EAAE,CAACJ,QAAQ;EAClD,CAAC,CAAC;EA
[...]
"1":{"loc":{"start":{"line":21,"column":23},"end":{"line":21,"column":105}},"type":"cond-expr","locations":[{"start":{"line":21,"column":57},"end":{"line":21,"column":82}},{"start":{"line":21,"column":85},"end":{"line":21,"column":105}}],"line":21}},"s":{"0":1,"1":1,"2":1,"3":1,"4":1,"5":1,"6":1,"7":1,"8":1,"9":1,"10":2,"11":3,"12":1,"13":1,"14":1,"15":1,"16":1,"17":1,"18":1,"19":0,"20":0,"21":0,"22":1,"23":1,"24":1,"25":1,"26":1},"f":{"0":1,"1":1,"2":2,"3":1},"b":{"0":[1,1,0,1,1],"1":[1,0]},"inputSourceMap":{"version":3,"names":["database","DATABASE","process","env","NODE_ENV","DATABASE_TEST","mongoose","connect","useFindAndModify","useCreateIndex","useNewUrlParser","useUnifiedTopology","logger","info","error"],"sourceRoot":"C:\\Users\\darsh\\Desktop\\CFP -NodeJs\\FundooNotes\\FundooApp\\src\\config\\","sources":["database.js"],"sourcesContent":["import mongoose from 'mongoose';\nimport logger from './logger';\n\nconst database = async () => {\n  try {\n    // Replace database value in the .env file with your database config url\n    const DATABASE =\n      process.env.NODE_ENV === 'test'\n        ? process.env.DATABASE_TEST\n        : process.env.DATABASE;\n\n    await mongoose.connect(DATABASE, {\n      useFindAndModify: false,\n      useCreateIndex: true,\n      useNewUrlParser: true,\n      useUnifiedTopology: true\n    });\n    logger.info('Connected to the database.');\n  } catch (error) {\n    logger.error('Could not connect to the database.', error);\n  }\n};\nexport default database;\n"],"mappings":";;;;;;;;;AAAA;AACA;AAEA,IAAMA,QAAQ;EAAA,yFAAG;IAAA;IAAA;MAAA;QAAA;UAAA;YAAA;YAEb;YACMC,QAAQ,GACZC,OAAO,CAACC,GAAG,CAACC,QAAQ,KAAK,MAAM,GAC3BF,OAAO,CAACC,GAAG,CAACE,aAAa,GACzBH,OAAO,CAACC,GAAG,CAACF,QAAQ;YAAA;YAAA,OAEpBK,oBAAQ,CAACC,OAAO,CAACN,QAAQ,EAAE;cAC/BO,gBAAgB,EAAE,KAAK;cACvBC,cAAc,EAAE,IAAI;cACpBC,eAAe,EAAE,IAAI;cACrBC,kBAAkB,EAAE;YACtB,CAAC,CAAC;UAAA;YACFC,kBAAM,CAACC,IAAI,CAAC,4BAA4B,CAAC;YAAC;YAAA;UAAA;YAAA;YAAA;YAE1CD,kBAAM,CAACE,KAAK,CAAC,oCAAoC,cAAQ;UAAC;UAAA;YAAA;QAAA;MAAA;IAAA;EAAA,CAE7D;EAAA,gBAlBKd,QAAQ;IAAA;EAAA;AAAA,GAkBb;AAAC,eACaA,QAAQ;AAAA"},"_coverageSchema":"1a1c01bbd47fc00a2c39e90264f33305004495a9","hash":"5ab121a0cfc2e52ab53f02cdaa3cd2e5cf943675","contentHash":"b287c682ca1d2970058fbebabcf9529e8cd991293abd4283e20541e9ff2fe4b5"},"C:\\Users\\darsh\\Desktop\\CFP -NodeJs\\FundooNotes\\FundooApp\\src\\config\\logger.js":{"path":"C:\\Users\\darsh\\Desktop\\CFP -NodeJs\\FundooNotes\\FundooApp\\src\\config\\logger.js","statementMap":{"0":{"start":{"line":3,"column":14},"end":{"line":3,"column":54}},"1":{"start":{"line":4,"column":0},"end":{"line":6,"column":3}},"2":{"start":{"line":7,"column":0},"end":{"line":7,"column":48}},"3":{"start":{"line":8,"column":15},"end":{"line":8,"column":58}},"4":{"start":{"line":9,"column":0},"end":{"line":9,"column":37}},"5":{"start":{"line":10,"column":49},"end":{"line":10,"column":96}},"6":{"start":{"line":10,"column":84},"end":{"line":10,"column":96}},"7":{"start":{"line":10,"column":121},"end":{"line":10,"column":134}},"8":{"start":{"line":10,"column":159},"end":{"line":10,"column":172}},"9":{"start":{"line":10,"column":174},"end":{"line":10,"column":333}},"10":{"start":{"line":10,"column":258},"end":{"line":10,"column":316}},"11":{"start":{"line":11,"column":53},"end":{"line":11,"column":111}},"12":{"start":{"line":11,"column":98},"end":{"line":11,"column":109}},"13":{"start":{"line":11,"column":112},"end":{"line":11,"column":218}},"14":{"start":{"line":11,"column":190},"end":{"line":11,"column":216}},"15":{"start":{"line":11,"column":231},"end":{"line":11,"column":268}},"16":{"start":{"line":11,"column":270},"end":{"line":11,"column":325}},"17":{"start":{"line":11,"column":301},"end":{"line":11,"column":323}},"18":{"start":{"line":11,"column":339},"end":{"line":11,"column":341}},"19":{"start":{"line":11,"column":371},"end":{"line":11,"column":427}},"20":{"start":{"line":11,"column":429},"end":{"line":11,"column":730}},"21":{"start":{"line":11,"column":452},"end":{"line":11,"column":728}},"22":{"start":{"line":11,"column":538},"end":{"line":11,"column":610}},"23":{"start":{"line":11,"column":612},"end":{"line":11,"column":726}},"24":{"start":{"line":11,"column":650},"end":{"line":11,"column":691}},"25":{"start":{"line":11,"column":701},"end":{"line":11,"column":724}},"26":{"start":{"line":11,"column":731},"end":{"line":11,"column":755}},"27":{"start":{"line":11,"column":756},"end":{"line":11,"column":794}},"28":{"start":{"line":11,"column":769},"end":{"line":11,"column":792}},"29":{"start":{"line":11,"column":795},"end":{"line":11,"column":809}},"30":{"start":{"line":15,"column":13},"end":{"line":37,"column":2}},"31":{"start":{"line":42,"column":19},"end":{"line":59,"column":2}},"32":{"start":{"line":60,"column":16},"end":{"line":69,"column":1}},"33":{"start":{"line":67,"column":4},"end":{"line":67,"column":42}},"34":{"start":{"line":70,"column":0},"end":{"line":70,"column":30}},"35":{"start":{"line":71,"column":15},"end":{"line":71,"column":21}},"36":{"start":{"line":72,"column":0},"end":{"line":72,"column":30}}},"fnMap":{"0":{"name":"_getRequireWildcardCache","decl":{"start":{"line":10,"column":9},"end":{"line":10,"column":33}},"loc":{"start":{"line":10,"column":47},"end":{"line":10,"column":335}},"line":10},"1":{"name":"_getRequireWildcardCache","decl":{"start":{"line":10,"column":218},"end":{"line":10,"column":242}},"loc":{"start":{"line":10,"column":256},"end":{"line":10,"column":318}},"line":10},"2":{"name":"_interopRequireWildcard","decl":{"start":{"line":11,"column":9},"end":{"line":11,"column":32}},"loc":{"start":{"line":11,"column":51},"end":{"line":11,"column":811}},"line":11},"3":{"name":"write","decl":{"start":{"line":66,"column":18},"end":{"line":66,"column":23}},"loc":{"start":{"line":66,"column":33},"end":{"line":68,"column":3}},"line":66}},"branchMap":{"0":{"loc":{"start":{"line":10,"column":49},"end":{"line":10,"column":96}},"type":"if","locations":[{"start":{"line":10,"column":49},"end":{"line":10,"column":96}},{"start":{"line":10,"column":49},"end":{"line":10,"column":96}}],"line":10},"1":{"loc":{"start":{"line":10,"column":265},"end":{"line":10,"column":315}},"type":"cond-expr","locations":[{"start":{"line":10,"column":279},"end":{"line":10,"column":295}},{"start":{"line":10,"column":298},"end":{"line":10,"column":315}}],"line":10},"2":{"loc":{"start":{"line":11,"column":53},"end":{"line":11,"column":111}},"type":"if","locations":[{"start":{"line":11,"column":53},"end":{"line":11,"column":111}},{"start":{"line":11,"column":53},"end":{"line":11,"column":111}}],"line":11},"3":{"loc":{"start":{"line":11,"column":57},"end":{"line":11,"column":94}},"type":"binary-expr","locations":[{"start":{"line":11,"column":57},"end":{"line":11,"column":69}},{"start":{"line":11,"column":73},"end":{"line":11,"column":76}},{"start":{"line":11,"column":80},"end":{"line":11,"column":94}}],"line":11},"4":{"loc":{"start":{"line":11,"column":112},"end":{"line":11,"column":218}},"type":"if","locations":[{"start":{"line":11,"column":112},"end":{"line":11,"column":218}},{"start":{"line":11,"column":112},"end":{"line":11,"column":218}}],"line":11},"5":{"loc":{"start":{"line":11,"column":116},"end":{"line":11,"column":186}},"type":"binary-expr","locations":[{"start":{"line":11,"column":116},"end":{"line":11,"column":128}},{"start":{"line":11,"column":132},"end":{"line":11,"column":157}},{"start":{"line":11,"column":161},"end":{"line":11,"column":186}}],"line":11},"6":{"loc":{"start":{"line":11,"column":270},"end":{"line":11,"column":325}},"type":"if","locations":[{"start":{"line":11,"column":270},"end":{"line":11,"column":325}},{"start":{"line":11,"column":270},"end":{"line":11,"column":325}}],"line":11},"7":{"loc":{"start":{"line":11,"column":274},"end":{"line":11,"column":297}},"type":"binary-expr","locations":[{"start":{"line":11,"column":274},"end":{"line":11,"column":279}},{"start":{"line":11,"column":283},"end":{"line":11,"column":297}}],"line":11},"8":{"loc":{"start":{"line":11,"column":371},"end":{"line":11,"column":427}},"type":"binary-expr","locations":[{"start":{"line":11,"column":371},"end":{"line":11,"column":392}},{"start":{"line":11,"column":396},"end":{"line":11,"column":427}}],"line":11},"9":{"loc":{"start":{"line":11,"column":452},"end":{"line":11,"column":728}},"type":"if","locations":[{"start":{"line":11,"column":452},"end":{"line":11,"column":728}},{"start":{"line":11,"column":452},"end":{"line":11,"column":728}}],"line":11},"10":{"loc":{"start":{"line":11,"column":456},"end":{"line":11,"column":523}},"type":"binary-expr","locations":[{"start":{"line":11,"column":456},"end":{"line":11,"column":473}},{"start":{"line":11,"column":477},"end":{"line":11,"column":523}}],"line":11},"11":{"loc":{"start":{"line":11,"column":538},"end":{"line":11,"column":610}},"type":"cond-expr","locations":[{"start":{"line":11,"column":562},"end":{"line":11,"column":603}},{"start":{"line":11,"column":606},"end":{"line":11,"column":610}}],"line":11},"12":{"loc":{"start":{"line":11,"column":612},"end":{"line":11,"column":726}},"type":"if","locations":[{"start":{"line":11,"column":612},"end":{"line":11,"column":726}},{"start":{"line":11,"column":612},"end":{"line":11,"column":726}}],"line":11},"13":{"loc":{"start":{"line":11,"column":616},"end":{"line":11,"column":646}},"type":"binary-expr","locations":[{"start":{"line":11,"column":616},"end":{"line":11,"column":620}},{"start":{"line":11,"column":625},"end":{"line":11,"column":633}},{"start":{"line":11,"column":637},"end":{"line":11,"column":645}}],"line":11},"14":{"loc":{"start":{"line":11,"column":756},"end":{"line":11,"column":794}},"type":"if","locations":[{"start":{"line":11,"column":756},"end":{"line":11,"column":794}},{"start":{"line":11,"column":756},"end":{"line":11,"column":794}}],"line":11}},"s":{"0":1,"1":1,"2":1,"3":1,"4":1,"5":1,"6":0,"7":1,"8":1,"9":1,"10":1,"11":1,"12":0,"13":1,"14":0,"15":1,"16":1,"17":0,"18":1,"19":1,"20":1,"21":37,"22":37,"23":37,"24":0,"25":37,"26":1,"27":1,"28":1,"29":1,"30":1,"31":1,"32":1,"33":10,"34":1,"35":1,"36":1},"f":{"0":1,"1":1,"2":1,"3":10},"b":{"0":[0,1],"1":[0,1],"2":[0,1],"3":[1,1,1],"4":[0,1],"5":[1,1,0],"6":[0,1],"7":[1,1],"8":[1,1],"9":[37,0],"10":[37,37],"11":[37,0],"12":[0,37],"13":[37,37,37],"14":[1,0]},"inputSourceMap":{"version":3,"names":["logger","winston","createLogger","format","combine","timestamp","simple","colorize","transports","File","filename","level","handleExceptions","DailyRotateFile","maxFiles","dirname","datePattern","Console","json","morganLogger","logStream","write","message","info","toString"],"sourceRoot":"C:\\Users\\darsh\\Desktop\\CFP -NodeJs\\FundooNotes\\FundooApp\\src\\config\\","sources":["logger.js"],"sourcesContent":["import winston, { format } from 'winston';\nimport 'winston-daily-rotate-file';\n\n/**\n * Logger handles all logs in the application\n */\nconst logger = winston.createLogger({\n  format: format.combine(format.timestamp(), format.simple()),\n  colorize: true,\n  transports: [\n    new winston.transports.File({\n      filename: 'logs/server/error.log',\n      level: 'error',\n      handleExceptions: true\n    }),\n    new winston.transports.File({\n      filename: 'logs/server/all.log',\n      level: 'info',\n      handleExceptions: true\n    }),\n    new winston.transports.DailyRotateFile({\n      maxFiles: '14d',\n      level: 'info',\n      dirname: 'logs/server/daily',\n      datePattern: 'YYYY-MM-DD',\n      filename: '%DATE%.log'\n    }),\n    new winston.transports.Console({\n      level: 'debug',\n      json: false,\n      handleExceptions: true\n    })\n  ]\n});\n\n/**\n * morganLogger logs all http request in a dedicated file and on console\n */\nconst morganLogger = winston.createLogger({\n  format: format.combine(format.simple()),\n  transports: [\n    new winston.transports.File({\n      filename: 'logs/requests/all.log',\n      level: 'debug',\n      handleExceptions: true\n    }),\n    new winston.transports.Console({\n      level: 'debug',\n      json: false,\n      handleExceptions: true\n    }),\n    new winston.transports.DailyRotateFile({\n      maxFiles: '14d',\n      level: 'info',\n      dirname: 'logs/requests/daily',\n      datePattern: 'YYYY-MM-DD',\n      filename: '%DATE%.log'\n    })\n  ]\n});\n\nexport const logStream = {\n  /**\n   * A writable stream for winston logger.\n   *\n   * @param {any} message\n   */\n  write(message) {\n    morganLogger.info(message.toString());\n  }\n};\n\nexport default logger;"],"mappings":";;;;;;;AAAA;AACA;AAAmC;AAAA;AAEnC;AACA;AACA;AACA,IAAMA,MAAM,GAAGC,mBAAO,CAACC,YAAY,CAAC;EAClCC,MAAM,EAAEA,eAAM,CAACC,OAAO,CAACD,eAAM,CAACE,SAAS,EAAE,EAAEF,eAAM,CAACG,MAAM,EAAE,CAAC;EAC3DC,QAAQ,EAAE,IAAI;EACdC,UAAU,EAAE,CACV,IAAIP,mBAAO,CAACO,UAAU,CAACC,IAAI,CAAC;IAC1BC,QAAQ,EAAE,uBAAuB;IACjCC,KAAK,EAAE,OAAO;IACdC,gBAAgB,EAAE;EACpB,CAAC,CAAC,EACF,IAAIX,mBAAO,CAACO,UAAU,CAACC,IAAI,CAAC;IAC1BC,QAAQ,EAAE,qBAAqB;IAC/BC,KAAK,EAAE,MAAM;IACbC,gBAAgB,EAAE;EACpB,CAAC,CAAC,EACF,IAAIX,mBAAO,CAACO,UAAU,CAACK,eAAe,CAAC;IACrCC,QAAQ,EAAE,KAAK;IACfH,KAAK,EAAE,MAAM;IACbI,OAAO,EAAE,mBAAmB;IAC5BC,WAAW,EAAE,YAAY;IACzBN,QAAQ,EAAE;EACZ,CAAC,CAAC,EACF,IAAIT,mBAAO,CAACO,UAAU,CAACS,OAAO,CAAC;IAC7BN,KAAK,EAAE,OAAO;IACdO,IAAI,EAAE,KAAK;IACXN,gBAAgB,EAAE;EACpB,CAAC,CAAC;AAEN,CAAC,CAAC;;AAEF;AACA;AACA;AACA,IAAMO,YAAY,GAAGlB,mBAAO,CAACC,YAAY,CAAC;EACxCC,MAAM,EAAEA,eAAM,CAACC,OAAO,CAACD,eAAM,CAACG,MAAM,EAAE,CAAC;EACvCE,UAAU,EAAE,CACV,IAAIP,mBAAO,CAACO,UAAU,CAACC,IAAI,CAAC;IAC1BC,QAAQ,EAAE,uBAAuB;IACjCC,KAAK,EAAE,OAAO;IACdC,gBAAgB,EAAE;EACpB,CAAC,CAAC,EACF,IAAIX,mBAAO,CAACO,UAAU,CAACS,OAAO,CAAC;IAC7BN,KAAK,EAAE,OAAO;IACdO,IAAI,EAAE,KAAK;IACXN,gBAAgB,EAAE;EACpB,CAAC,CAAC,EACF,IAAIX,mBAAO,CAACO,UAAU,CAACK,eAAe,CAAC;IACrCC,QAAQ,EAAE,KAAK;IACfH,KAAK,EAAE,MAAM;IACbI,OAAO,EAAE,qBAAqB;IAC9BC,WAAW,EAAE,YAAY;IACzBN,QAAQ,EAAE;EACZ,CAAC,CAAC;AAEN,CAAC,CAAC;AAEK,IAAMU,SAAS,GAAG;EACvB;AACF;AACA;AACA;AACA;EACEC,KAAK,iBAACC,OAAO,EAAE;IACbH,YAAY,CAACI,IAAI,CAACD,OAAO,CAACE,QAAQ,EAAE,CAAC;EACvC;AACF,CAAC;AAAC;AAAA,eAEaxB,MAAM;AAAA"},"_coverageSchema":"1a1c01bbd47fc00a2c39e90264f33305004495a9","hash":"ed7a7f32ca5d00bf44843f6775e7a974862b5949","contentHash":"dbd0cbc7494cb1bd988b84ed0ae822199680b9b16033de1ad85392bb5897ca28"},"C:\\Users\\darsh\\Desktop\\CFP -NodeJs\\FundooNotes\\FundooApp\\src\\middlewares\\error.middleware.js":{"path":"C:\\Users\\darsh\\Desktop\\CFP -NodeJs\\FundooNotes\\FundooApp\\src\\middlewares\\error.middleware.js","statementMap":{"0":{"start":{"line":3,"column":29},"end":{"line":3,"column":84}},"1":{"start":{"line":4,"column":0},"end":{"line":6,"column":3}},"2":{"start":{"line":7,"column":0},"end":{"line":7,"column":42}},"3":{"start":{"line":8,"column":0},"end":{"line":8,"column":50}},"4":{"start":{"line":9,"column":0},"end":{"line":9,"column":28}},"5":{"start":{"line":10,"column":23},"end":{"line":10,"column":75}},"6":{"start":{"line":11,"column":14},"end":{"line":11,"column":65}},"7":{"start":{"line":19,"column":2},"end":{"line":22,"column":5}},"8":{"start":{"line":35,"column":2},"end":{"line":43,"column":3}},"9":{"start":{"line":36,"column":4},"end":{"line":36,"column":236}},"10":{"start":{"line":37,"column":4},"end":{"line":40,"column":7}},"11":{"start":{"line":42,"column":4},"end":{"line":42,"column":14}},"12":{"start":{"line":56,"column":2},"end":{"line":56,"column":262}},"13":{"start":{"line":57,"column":2},"end":{"line":61,"column":5}}},"fnMap":{"0":{"name":"notFound","decl":{"start":{"line":18,"column":9},"end":{"line":18,"column":17}},"loc":{"start":{"line":18,"column":28},"end":{"line":23,"column":1}},"line":18},"1":{"name":"appErrorHandler","decl":{"start":{"line":34,"column":9},"end":{"line":34,"column":24}},"loc":{"start":{"line":34,"column":46},"end":{"line":44,"column":1}},"line":34},"2":{"name":"genericErrorHandler","decl":{"start":{"line":55,"column":9},"end":{"line":55,"column":28}},"loc":{"start":{"line":55,"column":50},"end":{"line":62,"column":1}},"line":55}},"branchMap":{"0":{"loc":{"start":{"line":35,"column":2},"end":{"line":43,"column":3}},"type":"if","locations":[{"start":{"line":35,"column":2},"end":{"line":43,"column":3}},{"start":{"line":35,"column":2},"end":{"line":43,"column":3}}],"line":35},"1":{"loc":{"start":{"line":35,"column":6},"end":{"line":35,"column":46}},"type":"binary-expr","locations":[{"start":{"line":35,"column":6},"end":{"line":35,"column":14}},{"start":{"line":35,"column":18},"end":{"line":35,"column":46}}],"line":35}},"s":{"0":1,"1":1,"2":1,"3":1,"4":1,"5":1,"6":1,"7":0,"8":0,"9":0,"10":0,"11":0,"12":0,"13":0},"f":{"0":0,"1":0,"2":0},"b":{"0":[0,0],"1":[0,0]},"inputSourceMap":{"version":3,"names":["notFound","req","res","status","HttpStatus","NOT_FOUND","json","code","message","appErrorHandler","err","next","logger","error","originalUrl","method","ip","genericErrorHandler","INTERNAL_SERVER_ERROR","stack","data"],"sourceRoot":"C:\\Users\\darsh\\Desktop\\CFP -NodeJs\\FundooNotes\\FundooApp\\src\\middlewares\\","sources":["error.middleware.js"],"sourcesContent":["import HttpStatus from 'http-status-codes';\n\nimport logger from '../config/logger';\n\n/**\n * Error response middleware for 404 not found.\n *\n * @param {Object} req\n * @param {Object} res\n */\nexport function notFound(req, res) {\n  res.status(HttpStatus.NOT_FOUND).json({\n    code: HttpStatus.NOT_FOUND,\n    message: 'Ooops, route not found'\n  });\n}\n\n/**\n * Error response middleware for handling all app errors except generic errors.\n *\n * @param  {Object}   err\n * @param  {Object}   req\n * @param  {Object}   res\n * @param  {Function} next\n */\n// eslint-disable-next-line no-unused-vars\nexport function appErrorHandler(err, req, res, next) {\n  if (err.code && typeof err.code === 'number') {\n    logger.error(`\n      status - ${err.code}\n      message - ${err.message} \n      url - ${req.originalUrl} \n      method - ${req.method} \n      IP - ${req.ip}\n    `);\n    res.status(err.code).json({\n      code: err.code,\n      message: err.message\n    });\n  } else {\n    next(err);\n  }\n}\n\n/**\n * Generic error response middleware for internal server errors.\n *\n * @param  {Object}   err\n * @param  {Object}   req\n * @param  {Object}   res\n * @param  {Function} next\n */\n// eslint-disable-next-line no-unused-vars\nexport function genericErrorHandler(err, req, res, next) {\n  logger.error(`\n    status - ${HttpStatus.INTERNAL_SERVER_ERROR} \n    message - ${err.stack} \n    url - ${req.originalUrl} \n    method - ${req.method} \n    IP - ${req.ip}\n  `);\n\n  res.status(HttpStatus.INTERNAL_SERVER_ERROR).json({\n    code: HttpStatus.INTERNAL_SERVER_ERROR,\n    data: '',\n    message: err.message\n  });\n}\n"],"mappings":";;;;;;;;;AAAA;AAEA;AAEA;AACA;AACA;AACA;AACA;AACA;AACO,SAASA,QAAQ,CAACC,GAAG,EAAEC,GAAG,EAAE;EACjCA,GAAG,CAACC,MAAM,CAACC,2BAAU,CAACC,SAAS,CAAC,CAACC,IAAI,CAAC;IACpCC,IAAI,EAAEH,2BAAU,CAACC,SAAS;IAC1BG,OAAO,EAAE;EACX,CAAC,CAAC;AACJ;;AAEA;AACA;AACA;AACA;AACA;AACA;AACA;AACA;AACA;AACO,SAASC,eAAe,CAACC,GAAG,EAAET,GAAG,EAAEC,GAAG,EAAES,IAAI,EAAE;EACnD,IAAID,GAAG,CAACH,IAAI,IAAI,OAAOG,GAAG,CAACH,IAAI,KAAK,QAAQ,EAAE;IAC5CK,kBAAM,CAACC,KAAK,4BACCH,GAAG,CAACH,IAAI,+BACPG,GAAG,CAACF,OAAO,4BACfP,GAAG,CAACa,WAAW,+BACZb,GAAG,CAACc,MAAM,2BACdd,GAAG,CAACe,EAAE,YACb;IACFd,GAAG,CAACC,MAAM,CAACO,GAAG,CAACH,IAAI,CAAC,CAACD,IAAI,CAAC;MACxBC,IAAI,EAAEG,GAAG,CAACH,IAAI;MACdC,OAAO,EAAEE,GAAG,CAACF;IACf,CAAC,CAAC;EACJ,CAAC,MAAM;IACLG,IAAI,CAACD,GAAG,CAAC;EACX;AACF;;AAEA;AACA;AACA;AACA;AACA;AACA;AACA;AACA;AACA;AACO,SAASO,mBAAmB,CAACP,GAAG,EAAET,GAAG,EAAEC,GAAG,EAAES,IAAI,EAAE;EACvDC,kBAAM,CAACC,KAAK,0BACCT,2BAAU,CAACc,qBAAqB,8BAC/BR,GAAG,CAACS,KAAK,0BACblB,GAAG,CAACa,WAAW,6BACZb,GAAG,CAACc,MAAM,yBACdd,GAAG,CAACe,EAAE,UACb;EAEFd,GAAG,CAACC,MAAM,CAACC,2BAAU,CAACc,qBAAqB,CAAC,CAACZ,IAAI,CAAC;IAChDC,IAAI,EAAEH,2BAAU,CAACc,qBAAqB;IACtCE,IAAI,EAAE,EAAE;IACRZ,OAAO,EAAEE,GAAG,CAACF;EACf,CAAC,CAAC;AACJ"},"_coverageSchema":"1a1c01bbd47fc00a2c39e90264f33305004495a9","hash":"eb32410a7968e54d743fcd5f0ff5a5bafa28d24d","contentHash":"ccf408fc66d8e015296e296e2360f11934847f2107de150f817ef9dc891b7462"}}