TN:
SF:src\index.js
FN:17,_getRequireWildcardCache
FN:37,(anonymous_3)
FNF:2
FNH:2
FNDA:1,_getRequireWildcardCache
FNDA:1,(anonymous_3)
DA:1,1
DA:2,1
DA:4,1
DA:5,1
DA:6,1
DA:8,1
DA:9,1
DA:10,1
DA:15,1
DA:17,2
DA:19,1
DA:20,1
DA:21,1
DA:22,1
DA:24,1
DA:25,1
DA:26,1
DA:27,1
DA:28,1
DA:30,1
DA:32,1
DA:33,1
DA:34,1
DA:35,1
DA:37,1
DA:38,1
DA:41,1
LF:27
LH:27
BRDA:17,0,0,1
BRDA:17,0,1,0
BRDA:17,1,0,1
BRDA:17,1,1,1
BRDA:17,1,2,1
BRF:5
BRH:4
end_of_record
TN:
SF:src\config\database.js
FN:4,(anonymous_0)
FN:4,_callee
FN:4,database
FNF:3
FNH:3
FNDA:1,(anonymous_0)
FNDA:3,_callee
FNDA:1,database
DA:1,1
DA:2,1
DA:4,6
DA:7,1
DA:10,1
DA:18,2
DA:20,1
DA:22,1
DA:23,1
LF:9
LH:9
BRDA:4,0,0,1
BRDA:4,0,1,1
BRDA:4,0,2,0
BRDA:4,0,3,1
BRDA:4,0,4,1
BRDA:8,1,0,1
BRDA:8,1,1,0
BRF:7
BRH:5
end_of_record
TN:
SF:src\config\logger.js
FN:2,_getRequireWildcardCache
FN:68,write
FNF:2
FNH:2
FNDA:3,_getRequireWildcardCache
FNDA:10,write
DA:1,1
DA:2,164
DA:7,1
DA:39,1
DA:62,1
DA:69,10
DA:71,1
DA:73,1
LF:8
LH:8
BRDA:2,0,0,114
BRDA:2,0,1,81
BRDA:2,1,0,39
BRDA:2,1,1,39
BRDA:2,1,2,38
BRF:5
BRH:5
end_of_record
TN:
SF:src\controllers\notes.controller.js
FN:2,_getRequireWildcardCache
FN:10,(anonymous_3)
FN:10,_callee
FN:10,_callee$
FN:10,createNote
FN:32,(anonymous_7)
FN:32,_callee2
FN:32,_callee2$
FN:32,getAllNotes
FN:53,(anonymous_11)
FN:53,_callee3
FN:53,_callee3$
FN:53,getNote
FN:75,(anonymous_15)
FN:75,_callee4
FN:75,_callee4$
FN:75,updateNote
FN:97,(anonymous_19)
FN:97,_callee5
FN:97,_callee5$
FN:97,deleteNote
FN:119,(anonymous_23)
FN:119,_callee6
FN:119,_callee6$
FN:119,archiveNote
FN:141,(anonymous_27)
FN:141,_callee7
FN:141,_callee7$
FN:141,trashNote
FNF:29
FNH:20
FNDA:1,_getRequireWildcardCache
FNDA:1,(anonymous_3)
FNDA:1,_callee
FNDA:2,_callee$
FNDA:1,createNote
FNDA:1,(anonymous_7)
FNDA:1,_callee2
FNDA:2,_callee2$
FNDA:1,getAllNotes
FNDA:1,(anonymous_11)
FNDA:0,_callee3
FNDA:0,_callee3$
FNDA:0,getNote
FNDA:1,(anonymous_15)
FNDA:2,_callee4
FNDA:4,_callee4$
FNDA:2,updateNote
FNDA:1,(anonymous_19)
FNDA:1,_callee5
FNDA:2,_callee5$
FNDA:1,deleteNote
FNDA:1,(anonymous_23)
FNDA:0,_callee6
FNDA:0,_callee6$
FNDA:0,archiveNote
FNDA:1,(anonymous_27)
FNDA:0,_callee7
FNDA:0,_callee7$
FNDA:0,trashNote
DA:1,1
DA:2,2
DA:10,6
DA:12,1
DA:13,1
DA:17,2
DA:19,0
DA:22,1
DA:24,1
DA:26,1
DA:32,6
DA:34,1
DA:35,1
DA:39,2
DA:41,0
DA:44,1
DA:46,1
DA:47,1
DA:53,1
DA:55,0
DA:56,0
DA:60,0
DA:62,0
DA:65,0
DA:67,1
DA:69,1
DA:75,11
DA:77,1
DA:78,1
DA:82,4
DA:84,1
DA:87,2
DA:89,1
DA:91,1
DA:97,6
DA:100,1
DA:104,2
DA:106,0
DA:109,1
DA:111,1
DA:113,1
DA:119,1
DA:121,0
DA:122,0
DA:126,0
DA:128,0
DA:131,0
DA:133,1
DA:135,1
DA:141,1
DA:143,0
DA:144,0
DA:148,0
DA:150,0
DA:153,0
DA:155,1
LF:56
LH:38
BRDA:2,0,0,1
BRDA:2,0,1,0
BRDA:2,1,0,1
BRDA:2,1,1,1
BRDA:2,1,2,1
BRDA:10,2,0,1
BRDA:10,2,1,1
BRDA:10,2,2,0
BRDA:10,2,3,1
BRDA:10,2,4,1
BRDA:32,3,0,1
BRDA:32,3,1,1
BRDA:32,3,2,0
BRDA:32,3,3,1
BRDA:32,3,4,1
BRDA:53,4,0,0
BRDA:53,4,1,0
BRDA:53,4,2,0
BRDA:53,4,3,0
BRDA:53,4,4,0
BRDA:75,5,0,2
BRDA:75,5,1,1
BRDA:75,5,2,1
BRDA:75,5,3,2
BRDA:75,5,4,2
BRDA:97,6,0,1
BRDA:97,6,1,1
BRDA:97,6,2,0
BRDA:97,6,3,1
BRDA:97,6,4,1
BRDA:119,7,0,0
BRDA:119,7,1,0
BRDA:119,7,2,0
BRDA:119,7,3,0
BRDA:119,7,4,0
BRDA:141,8,0,0
BRDA:141,8,1,0
BRDA:141,8,2,0
BRDA:141,8,3,0
BRDA:141,8,4,0
BRF:40
BRH:21
end_of_record
TN:
SF:src\controllers\user.controller.js
FN:2,_getRequireWildcardCache
FN:10,(anonymous_3)
FN:10,_callee
FN:10,_callee$
FN:10,login
FN:32,(anonymous_7)
FN:32,_callee2
FN:32,_callee2$
FN:32,registerUser
FN:51,(anonymous_11)
FN:51,_callee3
FN:51,_callee3$
FN:51,forgotPassword
FN:70,(anonymous_15)
FN:70,_callee4
FN:70,_callee4$
FN:70,resetPassword
FNF:17
FNH:11
FNDA:1,_getRequireWildcardCache
FNDA:1,(anonymous_3)
FNDA:2,_callee
FNDA:4,_callee$
FNDA:2,login
FNDA:1,(anonymous_7)
FNDA:1,_callee2
FNDA:2,_callee2$
FNDA:1,registerUser
FNDA:1,(anonymous_11)
FNDA:0,_callee3
FNDA:0,_callee3$
FNDA:0,forgotPassword
FNDA:1,(anonymous_15)
FNDA:0,_callee4
FNDA:0,_callee4$
FNDA:0,resetPassword
DA:1,1
DA:2,2
DA:10,11
DA:12,1
DA:13,1
DA:17,4
DA:19,1
DA:22,2
DA:24,1
DA:26,1
DA:32,6
DA:34,1
DA:35,1
DA:39,2
DA:41,1
DA:43,1
DA:45,1
DA:51,1
DA:53,0
DA:54,0
DA:58,0
DA:60,0
DA:62,1
DA:64,1
DA:70,1
DA:72,0
DA:73,0
DA:77,0
DA:79,0
DA:81,1
LF:30
LH:22
BRDA:2,0,0,1
BRDA:2,0,1,0
BRDA:2,1,0,1
BRDA:2,1,1,1
BRDA:2,1,2,1
BRDA:10,2,0,2
BRDA:10,2,1,1
BRDA:10,2,2,1
BRDA:10,2,3,2
BRDA:10,2,4,2
BRDA:32,3,0,1
BRDA:32,3,1,1
BRDA:32,3,2,0
BRDA:32,3,3,1
BRDA:32,3,4,1
BRDA:51,4,0,0
BRDA:51,4,1,0
BRDA:51,4,2,0
BRDA:51,4,3,0
BRDA:51,4,4,0
BRDA:70,5,0,0
BRDA:70,5,1,0
BRDA:70,5,2,0
BRDA:70,5,3,0
BRDA:70,5,4,0
BRF:25
BRH:13
end_of_record
TN:
SF:src\mailservice\user.reset.password.js
FN:19,sendMail
FN:19,_sendMail
FN:19,_callee
FN:19,_callee$
FNF:4
FNH:0
FNDA:0,sendMail
FNDA:0,_sendMail
FNDA:0,_callee
FNDA:0,_callee$
DA:1,1
DA:2,1
DA:5,1
DA:6,1
DA:7,1
DA:9,1
DA:11,1
DA:17,1
DA:19,0
DA:21,0
DA:22,0
DA:33,0
DA:34,0
DA:35,0
DA:40,0
DA:42,0
DA:44,0
DA:46,0
LF:18
LH:8
BRDA:19,0,0,0
BRDA:19,0,1,0
BRDA:19,0,2,0
BRDA:19,0,3,0
BRDA:19,0,4,0
BRDA:19,0,5,0
BRF:6
BRH:0
end_of_record
TN:
SF:src\middlewares\auth.middleware.js
FN:14,(anonymous_0)
FN:14,_callee
FN:14,_callee$
FN:14,userAuth
FN:44,(anonymous_4)
FN:44,_callee2
FN:44,_callee2$
FN:44,userResetAuth
FNF:8
FNH:5
FNDA:1,(anonymous_0)
FNDA:6,_callee
FNDA:12,_callee$
FNDA:6,userAuth
FNDA:1,(anonymous_4)
FNDA:0,_callee2
FNDA:0,_callee2$
FNDA:0,userResetAuth
DA:1,1
DA:2,1
DA:3,1
DA:4,1
DA:14,41
DA:16,6
DA:17,12
DA:23,6
DA:25,5
DA:26,5
DA:27,12
DA:29,1
DA:32,6
DA:34,1
DA:36,1
DA:44,1
DA:47,0
DA:48,0
DA:52,0
DA:55,0
DA:56,0
DA:57,0
DA:58,0
DA:60,0
DA:63,0
DA:65,1
LF:26
LH:17
BRDA:14,0,0,6
BRDA:14,0,1,6
BRDA:14,0,2,5
BRDA:14,0,3,1
BRDA:14,0,4,6
BRDA:14,0,5,6
BRDA:16,1,0,6
BRDA:16,1,1,0
BRDA:44,2,0,0
BRDA:44,2,1,0
BRDA:44,2,2,0
BRDA:44,2,3,0
BRDA:44,2,4,0
BRDA:44,2,5,0
BRDA:47,3,0,0
BRDA:47,3,1,0
BRF:16
BRH:7
end_of_record
TN:
SF:src\middlewares\error.middleware.js
FN:11,notFound
FN:27,appErrorHandler
FN:54,genericErrorHandler
FNF:3
FNH:0
FNDA:0,notFound
FNDA:0,appErrorHandler
FNDA:0,genericErrorHandler
DA:1,1
DA:3,1
DA:12,0
DA:28,0
DA:29,0
DA:36,0
DA:41,0
DA:55,0
DA:63,0
LF:9
LH:2
BRDA:28,0,0,0
BRDA:28,0,1,0
BRDA:28,1,0,0
BRDA:28,1,1,0
BRF:4
BRH:0
end_of_record
TN:
SF:src\models\notes.model.js
FNF:0
FNH:0
DA:1,1
DA:2,1
DA:4,1
DA:35,1
LF:4
LH:4
BRF:0
BRH:0
end_of_record
TN:
SF:src\models\user.model.js
FNF:0
FNH:0
DA:1,1
DA:3,1
DA:25,1
LF:3
LH:3
BRF:0
BRH:0
end_of_record
TN:
SF:src\routes\index.js
FN:11,routes
FN:12,(anonymous_1)
FNF:2
FNH:1
FNDA:1,routes
FNDA:0,(anonymous_1)
DA:1,1
DA:2,1
DA:4,1
DA:5,1
DA:11,1
DA:12,1
DA:13,0
DA:15,1
DA:16,1
DA:18,1
DA:21,1
LF:11
LH:10
BRF:0
BRH:0
end_of_record
TN:
SF:src\routes\notes.route.js
FN:3,_getRequireWildcardCache
FNF:1
FNH:1
FNDA:1,_getRequireWildcardCache
DA:1,1
DA:2,1
DA:3,2
DA:5,1
DA:8,1
DA:11,1
DA:14,1
DA:17,1
DA:20,1
DA:23,1
DA:26,1
DA:28,1
LF:12
LH:12
BRDA:3,0,0,1
BRDA:3,0,1,0
BRDA:3,1,0,1
BRDA:3,1,1,1
BRDA:3,1,2,1
BRF:5
BRH:4
end_of_record
TN:
SF:src\routes\user.route.js
FN:7,_getRequireWildcardCache
FNF:1
FNH:1
FNDA:1,_getRequireWildcardCache
DA:1,1
DA:2,1
DA:3,1
DA:7,2
DA:9,1
DA:12,1
DA:15,1
DA:18,1
DA:21,1
DA:23,1
LF:10
LH:10
BRDA:7,0,0,1
BRDA:7,0,1,0
BRDA:7,1,0,1
BRDA:7,1,1,1
BRDA:7,1,2,1
BRF:5
BRH:4
end_of_record
TN:
SF:src\services\notes.service.js
FN:4,(anonymous_0)
FN:4,_callee
FN:4,_callee$
FN:4,createNote
FN:10,(anonymous_4)
FN:10,_callee2
FN:10,_callee2$
FN:10,getAllNotes
FN:16,(anonymous_8)
FN:16,_callee3
FN:16,_callee3$
FN:16,getNote
FN:22,(anonymous_12)
FN:22,_callee4
FN:22,_callee4$
FN:22,updateNote
FN:37,(anonymous_16)
FN:37,_callee5
FN:37,_callee5$
FN:37,deleteNote
FN:43,(anonymous_20)
FN:43,_callee6
FN:43,_callee6$
FN:43,archiveNote
FN:59,(anonymous_24)
FN:59,_callee7
FN:59,_callee7$
FN:59,trashNote
FNF:28
FNH:19
FNDA:1,(anonymous_0)
FNDA:1,_callee
FNDA:3,_callee$
FNDA:1,createNote
FNDA:1,(anonymous_4)
FNDA:1,_callee2
FNDA:3,_callee2$
FNDA:1,getAllNotes
FNDA:1,(anonymous_8)
FNDA:0,_callee3
FNDA:0,_callee3$
FNDA:0,getNote
FNDA:1,(anonymous_12)
FNDA:2,_callee4
FNDA:5,_callee4$
FNDA:2,updateNote
FNDA:1,(anonymous_16)
FNDA:1,_callee5
FNDA:3,_callee5$
FNDA:1,deleteNote
FNDA:1,(anonymous_20)
FNDA:0,_callee6
FNDA:0,_callee6$
FNDA:0,archiveNote
FNDA:1,(anonymous_24)
FNDA:0,_callee7
FNDA:0,_callee7$
FNDA:0,trashNote
DA:1,1
DA:4,7
DA:5,1
DA:6,1
DA:7,1
DA:9,1
DA:10,7
DA:11,1
DA:12,1
DA:13,1
DA:15,1
DA:16,1
DA:17,0
DA:18,0
DA:19,1
DA:21,1
DA:22,12
DA:23,1
DA:33,2
DA:34,1
DA:36,1
DA:37,7
DA:38,1
DA:39,1
DA:40,1
DA:42,1
DA:43,1
DA:44,0
DA:45,0
DA:46,0
DA:55,0
DA:56,1
DA:58,1
DA:59,1
DA:60,0
DA:61,0
DA:62,0
DA:71,0
DA:72,1
LF:39
LH:29
BRDA:4,0,0,1
BRDA:4,0,1,1
BRDA:4,0,2,0
BRDA:4,0,3,1
BRDA:10,1,0,1
BRDA:10,1,1,1
BRDA:10,1,2,0
BRDA:10,1,3,1
BRDA:16,2,0,0
BRDA:16,2,1,0
BRDA:16,2,2,0
BRDA:16,2,3,0
BRDA:22,3,0,2
BRDA:22,3,1,1
BRDA:22,3,2,0
BRDA:22,3,3,2
BRDA:37,4,0,1
BRDA:37,4,1,1
BRDA:37,4,2,0
BRDA:37,4,3,1
BRDA:43,5,0,0
BRDA:43,5,1,0
BRDA:43,5,2,0
BRDA:43,5,3,0
BRDA:43,5,4,0
BRDA:45,6,0,0
BRDA:45,6,1,0
BRDA:59,7,0,0
BRDA:59,7,1,0
BRDA:59,7,2,0
BRDA:59,7,3,0
BRDA:59,7,4,0
BRDA:61,8,0,0
BRDA:61,8,1,0
BRF:34
BRH:12
end_of_record
TN:
SF:src\services\user.service.js
FN:10,(anonymous_0)
FN:10,_callee
FN:10,_callee$
FN:10,login
FN:29,(anonymous_4)
FN:29,_callee2
FN:29,_callee2$
FN:29,registerUser
FN:39,(anonymous_8)
FN:39,_callee3
FN:39,_callee3$
FN:39,forgotPassword
FN:55,(anonymous_12)
FN:55,_callee4
FN:55,_callee4$
FN:55,resetPassword
FNF:16
FNH:10
FNDA:1,(anonymous_0)
FNDA:2,_callee
FNDA:8,_callee$
FNDA:2,login
FNDA:1,(anonymous_4)
FNDA:1,_callee2
FNDA:4,_callee2$
FNDA:1,registerUser
FNDA:1,(anonymous_8)
FNDA:0,_callee3
FNDA:0,_callee3$
FNDA:0,forgotPassword
FNDA:1,(anonymous_12)
FNDA:0,_callee4
FNDA:0,_callee4$
FNDA:0,resetPassword
DA:1,1
DA:2,1
DA:3,1
DA:4,1
DA:5,1
DA:7,1
DA:10,19
DA:11,2
DA:12,2
DA:13,2
DA:14,2
DA:15,1
DA:18,1
DA:19,1
DA:21,0
DA:24,2
DA:26,1
DA:28,1
DA:29,9
DA:30,1
DA:31,1
DA:32,1
DA:33,1
DA:34,1
DA:35,1
DA:37,1
DA:39,1
DA:40,0
DA:41,0
DA:42,0
DA:47,0
DA:50,0
DA:52,1
DA:54,1
DA:55,1
DA:56,0
DA:57,0
DA:58,0
DA:59,0
DA:66,0
DA:67,1
LF:41
LH:30
BRDA:10,0,0,2
BRDA:10,0,1,2
BRDA:10,0,2,2
BRDA:10,0,3,1
BRDA:10,0,4,0
BRDA:10,0,5,0
BRDA:10,0,6,0
BRDA:10,0,7,2
BRDA:11,1,0,0
BRDA:11,1,1,2
BRDA:13,2,0,1
BRDA:13,2,1,1
BRDA:29,3,0,1
BRDA:29,3,1,1
BRDA:29,3,2,1
BRDA:29,3,3,0
BRDA:29,3,4,1
BRDA:39,4,0,0
BRDA:39,4,1,0
BRDA:39,4,2,0
BRDA:39,4,3,0
BRDA:39,4,4,0
BRDA:40,5,0,0
BRDA:40,5,1,0
BRDA:55,6,0,0
BRDA:55,6,1,0
BRDA:55,6,2,0
BRDA:55,6,3,0
BRDA:55,6,4,0
BRF:29
BRH:12
end_of_record
TN:
SF:src\validators\user.validator.js
FN:4,registerUserValidator
FN:22,loginValidator
FNF:2
FNH:2
FNDA:2,registerUserValidator
FNDA:2,loginValidator
DA:1,1
DA:2,1
DA:4,1
DA:5,2
DA:11,2
DA:12,2
DA:13,1
DA:18,1
DA:20,1
DA:22,1
DA:23,2
DA:27,2
DA:28,2
DA:29,0
DA:34,2
DA:36,1
LF:16
LH:15
BRDA:12,0,0,1
BRDA:12,0,1,1
BRDA:28,1,0,0
BRDA:28,1,1,2
BRF:4
BRH:3
end_of_record
